<?xml version="1.0" encoding="utf-8"?>
<!DOCTYPE coverage SYSTEM "http://cobertura.sourceforge.net/xml/coverage-04.dtd">
<coverage line-rate="0.845410628019324" branch-rate="0.954545454545455" lines-covered="175" lines-valid="207" branches-covered="21" branches-valid="22" complexity="50" version="0" timestamp="1707739681">
  <sources>
    <source>C:\Users\basma\</source>
  </sources>
  <packages>
    <package name="regressionTesting" line-rate="0.984848484848485" branch-rate="1" complexity="12">
      <classes>
        <class name="AutoGeneratedProgram" filename="C:\Users\basma\.nuget\packages\microsoft.net.test.sdk\17.6.0\build\netcoreapp3.1\Microsoft.NET.Test.Sdk.Program.cs" line-rate="0" branch-rate="1" complexity="1">
          <methods>
            <method name="Main" signature="(...)" line-rate="0" branch-rate="1" complexity="1">
              <lines>
                <line number="4" hits="0" branch="false" />
              </lines>
            </method>
          </methods>
          <lines>
            <line number="4" hits="0" branch="false" />
          </lines>
        </class>
        <class name="regressionTesting.Tests" filename="C:\Users\basma\Desktop\3 year\6 semester\Рефакторинг и работа с унаследованным кодом\Лабы\RRUK\Labs\Лаба_01\regressionTesting\UnitTest1.cs" line-rate="1" branch-rate="1" complexity="11">
          <methods>
            <method name="Setup" signature="()" line-rate="1" branch-rate="1" complexity="1">
              <lines>
                <line number="12" hits="10" branch="false" />
                <line number="13" hits="10" branch="false" />
                <line number="14" hits="10" branch="false" />
                <line number="15" hits="10" branch="false" />
              </lines>
            </method>
            <method name="test1" signature="()" line-rate="1" branch-rate="1" complexity="1">
              <lines>
                <line number="60" hits="1" branch="false" />
                <line number="61" hits="1" branch="false" />
                <line number="62" hits="1" branch="false" />
                <line number="63" hits="1" branch="false" />
                <line number="64" hits="1" branch="false" />
              </lines>
            </method>
            <method name="test2" signature="()" line-rate="1" branch-rate="1" complexity="1">
              <lines>
                <line number="67" hits="1" branch="false" />
                <line number="68" hits="1" branch="false" />
                <line number="69" hits="1" branch="false" />
                <line number="70" hits="1" branch="false" />
                <line number="71" hits="1" branch="false" />
                <line number="73" hits="1" branch="false" />
              </lines>
            </method>
            <method name="test3" signature="()" line-rate="1" branch-rate="1" complexity="1">
              <lines>
                <line number="76" hits="1" branch="false" />
                <line number="77" hits="1" branch="false" />
                <line number="78" hits="1" branch="false" />
                <line number="79" hits="1" branch="false" />
                <line number="80" hits="1" branch="false" />
                <line number="81" hits="1" branch="false" />
              </lines>
            </method>
            <method name="test4" signature="()" line-rate="1" branch-rate="1" complexity="1">
              <lines>
                <line number="84" hits="1" branch="false" />
                <line number="85" hits="1" branch="false" />
                <line number="86" hits="1" branch="false" />
                <line number="87" hits="1" branch="false" />
                <line number="88" hits="1" branch="false" />
                <line number="89" hits="1" branch="false" />
              </lines>
            </method>
            <method name="test5" signature="()" line-rate="1" branch-rate="1" complexity="1">
              <lines>
                <line number="92" hits="1" branch="false" />
                <line number="93" hits="1" branch="false" />
                <line number="94" hits="1" branch="false" />
                <line number="95" hits="1" branch="false" />
                <line number="96" hits="1" branch="false" />
                <line number="97" hits="1" branch="false" />
              </lines>
            </method>
            <method name="test6" signature="()" line-rate="1" branch-rate="1" complexity="1">
              <lines>
                <line number="100" hits="1" branch="false" />
                <line number="101" hits="1" branch="false" />
                <line number="102" hits="1" branch="false" />
                <line number="103" hits="1" branch="false" />
                <line number="104" hits="1" branch="false" />
                <line number="105" hits="1" branch="false" />
              </lines>
            </method>
            <method name="test7" signature="()" line-rate="1" branch-rate="1" complexity="1">
              <lines>
                <line number="108" hits="1" branch="false" />
                <line number="109" hits="1" branch="false" />
                <line number="110" hits="1" branch="false" />
                <line number="111" hits="1" branch="false" />
                <line number="112" hits="1" branch="false" />
                <line number="113" hits="1" branch="false" />
              </lines>
            </method>
            <method name="test8" signature="()" line-rate="1" branch-rate="1" complexity="1">
              <lines>
                <line number="116" hits="1" branch="false" />
                <line number="117" hits="1" branch="false" />
                <line number="118" hits="1" branch="false" />
                <line number="119" hits="1" branch="false" />
                <line number="120" hits="1" branch="false" />
                <line number="121" hits="1" branch="false" />
              </lines>
            </method>
            <method name="test9" signature="()" line-rate="1" branch-rate="1" complexity="1">
              <lines>
                <line number="124" hits="1" branch="false" />
                <line number="125" hits="1" branch="false" />
                <line number="126" hits="1" branch="false" />
                <line number="127" hits="1" branch="false" />
                <line number="128" hits="1" branch="false" />
                <line number="129" hits="1" branch="false" />
              </lines>
            </method>
            <method name="test10" signature="()" line-rate="1" branch-rate="1" complexity="1">
              <lines>
                <line number="132" hits="1" branch="false" />
                <line number="133" hits="1" branch="false" />
                <line number="134" hits="1" branch="false" />
                <line number="135" hits="1" branch="false" />
                <line number="136" hits="1" branch="false" />
                <line number="137" hits="1" branch="false" />
                <line number="138" hits="1" branch="false" />
                <line number="139" hits="1" branch="false" />
              </lines>
            </method>
          </methods>
          <lines>
            <line number="12" hits="10" branch="false" />
            <line number="13" hits="10" branch="false" />
            <line number="14" hits="10" branch="false" />
            <line number="15" hits="10" branch="false" />
            <line number="60" hits="1" branch="false" />
            <line number="61" hits="1" branch="false" />
            <line number="62" hits="1" branch="false" />
            <line number="63" hits="1" branch="false" />
            <line number="64" hits="1" branch="false" />
            <line number="67" hits="1" branch="false" />
            <line number="68" hits="1" branch="false" />
            <line number="69" hits="1" branch="false" />
            <line number="70" hits="1" branch="false" />
            <line number="71" hits="1" branch="false" />
            <line number="73" hits="1" branch="false" />
            <line number="76" hits="1" branch="false" />
            <line number="77" hits="1" branch="false" />
            <line number="78" hits="1" branch="false" />
            <line number="79" hits="1" branch="false" />
            <line number="80" hits="1" branch="false" />
            <line number="81" hits="1" branch="false" />
            <line number="84" hits="1" branch="false" />
            <line number="85" hits="1" branch="false" />
            <line number="86" hits="1" branch="false" />
            <line number="87" hits="1" branch="false" />
            <line number="88" hits="1" branch="false" />
            <line number="89" hits="1" branch="false" />
            <line number="92" hits="1" branch="false" />
            <line number="93" hits="1" branch="false" />
            <line number="94" hits="1" branch="false" />
            <line number="95" hits="1" branch="false" />
            <line number="96" hits="1" branch="false" />
            <line number="97" hits="1" branch="false" />
            <line number="100" hits="1" branch="false" />
            <line number="101" hits="1" branch="false" />
            <line number="102" hits="1" branch="false" />
            <line number="103" hits="1" branch="false" />
            <line number="104" hits="1" branch="false" />
            <line number="105" hits="1" branch="false" />
            <line number="108" hits="1" branch="false" />
            <line number="109" hits="1" branch="false" />
            <line number="110" hits="1" branch="false" />
            <line number="111" hits="1" branch="false" />
            <line number="112" hits="1" branch="false" />
            <line number="113" hits="1" branch="false" />
            <line number="116" hits="1" branch="false" />
            <line number="117" hits="1" branch="false" />
            <line number="118" hits="1" branch="false" />
            <line number="119" hits="1" branch="false" />
            <line number="120" hits="1" branch="false" />
            <line number="121" hits="1" branch="false" />
            <line number="124" hits="1" branch="false" />
            <line number="125" hits="1" branch="false" />
            <line number="126" hits="1" branch="false" />
            <line number="127" hits="1" branch="false" />
            <line number="128" hits="1" branch="false" />
            <line number="129" hits="1" branch="false" />
            <line number="132" hits="1" branch="false" />
            <line number="133" hits="1" branch="false" />
            <line number="134" hits="1" branch="false" />
            <line number="135" hits="1" branch="false" />
            <line number="136" hits="1" branch="false" />
            <line number="137" hits="1" branch="false" />
            <line number="138" hits="1" branch="false" />
            <line number="139" hits="1" branch="false" />
          </lines>
        </class>
      </classes>
    </package>
    <package name="РРУК_01" line-rate="0.780141843971631" branch-rate="0.954545454545455" complexity="38">
      <classes>
        <class name="РРУК_01.Bill" filename="C:\Users\basma\Desktop\3 year\6 semester\Рефакторинг и работа с унаследованным кодом\Лабы\RRUK\Labs\Лаба_01\РРУК_01\Bill.cs" line-rate="1" branch-rate="1" complexity="22">
          <methods>
            <method name="addGoods" signature="(...)" line-rate="1" branch-rate="1" complexity="1">
              <lines>
                <line number="13" hits="11" branch="false" />
                <line number="14" hits="11" branch="false" />
                <line number="15" hits="11" branch="false" />
              </lines>
            </method>
            <method name="statement" signature="()" line-rate="1" branch-rate="1" complexity="20">
              <lines>
                <line number="17" hits="10" branch="false" />
                <line number="18" hits="10" branch="false" />
                <line number="19" hits="10" branch="false" />
                <line number="20" hits="10" branch="false" />
                <line number="21" hits="10" branch="false" />
                <line number="22" hits="10" branch="false" />
                <line number="23" hits="10" branch="false" />
                <line number="24" hits="10" branch="false" />
                <line number="25" hits="21" branch="true" condition-coverage="100% (2/2)" />
                <line number="26" hits="11" branch="false" />
                <line number="27" hits="11" branch="false" />
                <line number="28" hits="11" branch="false" />
                <line number="29" hits="11" branch="false" />
                <line number="30" hits="11" branch="false" />
                <line number="32" hits="11" branch="true" condition-coverage="100% (4/4)" />
                <line number="35" hits="5" branch="true" condition-coverage="100% (2/2)" />
                <line number="36" hits="2" branch="false" />
                <line number="37" hits="2" branch="false" />
                <line number="38" hits="5" branch="false" />
                <line number="39" hits="5" branch="false" />
                <line number="40" hits="5" branch="false" />
                <line number="42" hits="3" branch="true" condition-coverage="100% (2/2)" />
                <line number="43" hits="2" branch="false" />
                <line number="44" hits="2" branch="false" />
                <line number="45" hits="3" branch="false" />
                <line number="47" hits="3" branch="true" condition-coverage="100% (2/2)" />
                <line number="48" hits="2" branch="false" />
                <line number="49" hits="2" branch="false" />
                <line number="50" hits="3" branch="false" />
                <line number="51" hits="3" branch="false" />
                <line number="52" hits="3" branch="false" />
                <line number="55" hits="11" branch="false" />
                <line number="57" hits="11" branch="true" condition-coverage="100% (4/4)" />
                <line number="58" hits="11" branch="false" />
                <line number="59" hits="1" branch="false" />
                <line number="60" hits="1" branch="false" />
                <line number="61" hits="11" branch="true" condition-coverage="100% (4/4)" />
                <line number="62" hits="11" branch="false" />
                <line number="63" hits="3" branch="false" />
                <line number="64" hits="3" branch="false" />
                <line number="66" hits="11" branch="false" />
                <line number="67" hits="11" branch="false" />
                <line number="69" hits="11" branch="false" />
                <line number="70" hits="11" branch="false" />
                <line number="71" hits="11" branch="false" />
                <line number="72" hits="11" branch="false" />
                <line number="73" hits="11" branch="false" />
                <line number="74" hits="11" branch="false" />
                <line number="75" hits="11" branch="false" />
                <line number="76" hits="11" branch="false" />
                <line number="78" hits="10" branch="false" />
                <line number="79" hits="10" branch="false" />
                <line number="80" hits="10" branch="false" />
                <line number="81" hits="10" branch="false" />
                <line number="83" hits="10" branch="false" />
                <line number="84" hits="10" branch="false" />
                <line number="85" hits="10" branch="false" />
              </lines>
            </method>
            <method name=".ctor" signature="(...)" line-rate="1" branch-rate="1" complexity="1">
              <lines>
                <line number="7" hits="10" branch="false" />
                <line number="8" hits="10" branch="false" />
                <line number="9" hits="10" branch="false" />
                <line number="10" hits="10" branch="false" />
                <line number="11" hits="10" branch="false" />
              </lines>
            </method>
          </methods>
          <lines>
            <line number="7" hits="10" branch="false" />
            <line number="8" hits="10" branch="false" />
            <line number="9" hits="10" branch="false" />
            <line number="10" hits="10" branch="false" />
            <line number="11" hits="10" branch="false" />
            <line number="13" hits="11" branch="false" />
            <line number="14" hits="11" branch="false" />
            <line number="15" hits="11" branch="false" />
            <line number="17" hits="10" branch="false" />
            <line number="18" hits="10" branch="false" />
            <line number="19" hits="10" branch="false" />
            <line number="20" hits="10" branch="false" />
            <line number="21" hits="10" branch="false" />
            <line number="22" hits="10" branch="false" />
            <line number="23" hits="10" branch="false" />
            <line number="24" hits="10" branch="false" />
            <line number="25" hits="21" branch="true" condition-coverage="100% (2/2)" />
            <line number="26" hits="11" branch="false" />
            <line number="27" hits="11" branch="false" />
            <line number="28" hits="11" branch="false" />
            <line number="29" hits="11" branch="false" />
            <line number="30" hits="11" branch="false" />
            <line number="32" hits="11" branch="true" condition-coverage="100% (4/4)" />
            <line number="35" hits="5" branch="true" condition-coverage="100% (2/2)" />
            <line number="36" hits="2" branch="false" />
            <line number="37" hits="2" branch="false" />
            <line number="38" hits="5" branch="false" />
            <line number="39" hits="5" branch="false" />
            <line number="40" hits="5" branch="false" />
            <line number="42" hits="3" branch="true" condition-coverage="100% (2/2)" />
            <line number="43" hits="2" branch="false" />
            <line number="44" hits="2" branch="false" />
            <line number="45" hits="3" branch="false" />
            <line number="47" hits="3" branch="true" condition-coverage="100% (2/2)" />
            <line number="48" hits="2" branch="false" />
            <line number="49" hits="2" branch="false" />
            <line number="50" hits="3" branch="false" />
            <line number="51" hits="3" branch="false" />
            <line number="52" hits="3" branch="false" />
            <line number="55" hits="11" branch="false" />
            <line number="57" hits="11" branch="true" condition-coverage="100% (4/4)" />
            <line number="58" hits="11" branch="false" />
            <line number="59" hits="1" branch="false" />
            <line number="60" hits="1" branch="false" />
            <line number="61" hits="11" branch="true" condition-coverage="100% (4/4)" />
            <line number="62" hits="11" branch="false" />
            <line number="63" hits="3" branch="false" />
            <line number="64" hits="3" branch="false" />
            <line number="66" hits="11" branch="false" />
            <line number="67" hits="11" branch="false" />
            <line number="69" hits="11" branch="false" />
            <line number="70" hits="11" branch="false" />
            <line number="71" hits="11" branch="false" />
            <line number="72" hits="11" branch="false" />
            <line number="73" hits="11" branch="false" />
            <line number="74" hits="11" branch="false" />
            <line number="75" hits="11" branch="false" />
            <line number="76" hits="11" branch="false" />
            <line number="78" hits="10" branch="false" />
            <line number="79" hits="10" branch="false" />
            <line number="80" hits="10" branch="false" />
            <line number="81" hits="10" branch="false" />
            <line number="83" hits="10" branch="false" />
            <line number="84" hits="10" branch="false" />
            <line number="85" hits="10" branch="false" />
          </lines>
        </class>
        <class name="РРУК_01.Customer" filename="C:\Users\basma\Desktop\3 year\6 semester\Рефакторинг и работа с унаследованным кодом\Лабы\RRUK\Labs\Лаба_01\РРУК_01\Customer.cs" line-rate="0.730769230769231" branch-rate="0.5" complexity="6">
          <methods>
            <method name="getName" signature="()" line-rate="1" branch-rate="1" complexity="1">
              <lines>
                <line number="14" hits="10" branch="false" />
                <line number="15" hits="10" branch="false" />
                <line number="16" hits="10" branch="false" />
              </lines>
            </method>
            <method name="getBonus" signature="()" line-rate="0" branch-rate="1" complexity="1">
              <lines>
                <line number="18" hits="0" branch="false" />
                <line number="19" hits="0" branch="false" />
                <line number="20" hits="0" branch="false" />
              </lines>
            </method>
            <method name="receiveBonus" signature="(...)" line-rate="1" branch-rate="1" complexity="1">
              <lines>
                <line number="22" hits="10" branch="false" />
                <line number="23" hits="10" branch="false" />
                <line number="24" hits="10" branch="false" />
              </lines>
            </method>
            <method name="useBonus" signature="(...)" line-rate="0.666666666666667" branch-rate="0.5" complexity="2">
              <lines>
                <line number="26" hits="4" branch="false" />
                <line number="28" hits="4" branch="true" condition-coverage="50% (1/2)" />
                <line number="29" hits="4" branch="false" />
                <line number="30" hits="4" branch="false" />
                <line number="31" hits="4" branch="false" />
                <line number="32" hits="4" branch="false" />
                <line number="34" hits="0" branch="false" />
                <line number="35" hits="0" branch="false" />
                <line number="36" hits="0" branch="false" />
                <line number="37" hits="0" branch="false" />
                <line number="38" hits="4" branch="false" />
                <line number="39" hits="4" branch="false" />
              </lines>
            </method>
            <method name=".ctor" signature="(...)" line-rate="1" branch-rate="1" complexity="1">
              <lines>
                <line number="8" hits="10" branch="false" />
                <line number="9" hits="10" branch="false" />
                <line number="10" hits="10" branch="false" />
                <line number="11" hits="10" branch="false" />
                <line number="12" hits="10" branch="false" />
              </lines>
            </method>
          </methods>
          <lines>
            <line number="8" hits="10" branch="false" />
            <line number="9" hits="10" branch="false" />
            <line number="10" hits="10" branch="false" />
            <line number="11" hits="10" branch="false" />
            <line number="12" hits="10" branch="false" />
            <line number="14" hits="10" branch="false" />
            <line number="15" hits="10" branch="false" />
            <line number="16" hits="10" branch="false" />
            <line number="18" hits="0" branch="false" />
            <line number="19" hits="0" branch="false" />
            <line number="20" hits="0" branch="false" />
            <line number="22" hits="10" branch="false" />
            <line number="23" hits="10" branch="false" />
            <line number="24" hits="10" branch="false" />
            <line number="26" hits="4" branch="false" />
            <line number="28" hits="4" branch="true" condition-coverage="50% (1/2)" />
            <line number="29" hits="4" branch="false" />
            <line number="30" hits="4" branch="false" />
            <line number="31" hits="4" branch="false" />
            <line number="32" hits="4" branch="false" />
            <line number="34" hits="0" branch="false" />
            <line number="35" hits="0" branch="false" />
            <line number="36" hits="0" branch="false" />
            <line number="37" hits="0" branch="false" />
            <line number="38" hits="4" branch="false" />
            <line number="39" hits="4" branch="false" />
          </lines>
        </class>
        <class name="РРУК_01.Goods" filename="C:\Users\basma\Desktop\3 year\6 semester\Рефакторинг и работа с унаследованным кодом\Лабы\RRUK\Labs\Лаба_01\РРУК_01\Goods.cs" line-rate="0.785714285714286" branch-rate="1" complexity="4">
          <methods>
            <method name="getPriceCode" signature="()" line-rate="1" branch-rate="1" complexity="1">
              <lines>
                <line number="22" hits="33" branch="false" />
                <line number="23" hits="33" branch="false" />
                <line number="24" hits="33" branch="false" />
              </lines>
            </method>
            <method name="setPriceCode" signature="(...)" line-rate="0" branch-rate="1" complexity="1">
              <lines>
                <line number="26" hits="0" branch="false" />
                <line number="27" hits="0" branch="false" />
                <line number="28" hits="0" branch="false" />
              </lines>
            </method>
            <method name="getTitle" signature="()" line-rate="1" branch-rate="1" complexity="1">
              <lines>
                <line number="30" hits="11" branch="false" />
                <line number="31" hits="11" branch="false" />
                <line number="32" hits="11" branch="false" />
              </lines>
            </method>
            <method name=".ctor" signature="(...)" line-rate="1" branch-rate="1" complexity="1">
              <lines>
                <line number="16" hits="11" branch="false" />
                <line number="17" hits="11" branch="false" />
                <line number="18" hits="11" branch="false" />
                <line number="19" hits="11" branch="false" />
                <line number="20" hits="11" branch="false" />
              </lines>
            </method>
          </methods>
          <lines>
            <line number="16" hits="11" branch="false" />
            <line number="17" hits="11" branch="false" />
            <line number="18" hits="11" branch="false" />
            <line number="19" hits="11" branch="false" />
            <line number="20" hits="11" branch="false" />
            <line number="22" hits="33" branch="false" />
            <line number="23" hits="33" branch="false" />
            <line number="24" hits="33" branch="false" />
            <line number="26" hits="0" branch="false" />
            <line number="27" hits="0" branch="false" />
            <line number="28" hits="0" branch="false" />
            <line number="30" hits="11" branch="false" />
            <line number="31" hits="11" branch="false" />
            <line number="32" hits="11" branch="false" />
          </lines>
        </class>
        <class name="РРУК_01.Item" filename="C:\Users\basma\Desktop\3 year\6 semester\Рефакторинг и работа с унаследованным кодом\Лабы\RRUK\Labs\Лаба_01\РРУК_01\Item.cs" line-rate="1" branch-rate="1" complexity="4">
          <methods>
            <method name="getQuantity" signature="()" line-rate="1" branch-rate="1" complexity="1">
              <lines>
                <line number="22" hits="81" branch="false" />
                <line number="23" hits="81" branch="false" />
                <line number="24" hits="81" branch="false" />
              </lines>
            </method>
            <method name="getPrice" signature="()" line-rate="1" branch-rate="1" complexity="1">
              <lines>
                <line number="26" hits="62" branch="false" />
                <line number="27" hits="62" branch="false" />
                <line number="28" hits="62" branch="false" />
              </lines>
            </method>
            <method name="getGoods" signature="()" line-rate="1" branch-rate="1" complexity="1">
              <lines>
                <line number="30" hits="44" branch="false" />
                <line number="31" hits="44" branch="false" />
                <line number="32" hits="44" branch="false" />
              </lines>
            </method>
            <method name=".ctor" signature="(...)" line-rate="1" branch-rate="1" complexity="1">
              <lines>
                <line number="15" hits="11" branch="false" />
                <line number="16" hits="11" branch="false" />
                <line number="17" hits="11" branch="false" />
                <line number="18" hits="11" branch="false" />
                <line number="19" hits="11" branch="false" />
                <line number="20" hits="11" branch="false" />
              </lines>
            </method>
          </methods>
          <lines>
            <line number="15" hits="11" branch="false" />
            <line number="16" hits="11" branch="false" />
            <line number="17" hits="11" branch="false" />
            <line number="18" hits="11" branch="false" />
            <line number="19" hits="11" branch="false" />
            <line number="20" hits="11" branch="false" />
            <line number="22" hits="81" branch="false" />
            <line number="23" hits="81" branch="false" />
            <line number="24" hits="81" branch="false" />
            <line number="26" hits="62" branch="false" />
            <line number="27" hits="62" branch="false" />
            <line number="28" hits="62" branch="false" />
            <line number="30" hits="44" branch="false" />
            <line number="31" hits="44" branch="false" />
            <line number="32" hits="44" branch="false" />
          </lines>
        </class>
        <class name="РРУК_01.Program" filename="C:\Users\basma\Desktop\3 year\6 semester\Рефакторинг и работа с унаследованным кодом\Лабы\RRUK\Labs\Лаба_01\РРУК_01\Program.cs" line-rate="0" branch-rate="1" complexity="1">
          <methods>
            <method name="Main" signature="(...)" line-rate="0" branch-rate="1" complexity="1">
              <lines>
                <line number="8" hits="0" branch="false" />
                <line number="78" hits="0" branch="false" />
                <line number="80" hits="0" branch="false" />
                <line number="82" hits="0" branch="false" />
                <line number="83" hits="0" branch="false" />
                <line number="84" hits="0" branch="false" />
                <line number="85" hits="0" branch="false" />
                <line number="86" hits="0" branch="false" />
                <line number="87" hits="0" branch="false" />
              </lines>
            </method>
          </methods>
          <lines>
            <line number="8" hits="0" branch="false" />
            <line number="78" hits="0" branch="false" />
            <line number="80" hits="0" branch="false" />
            <line number="82" hits="0" branch="false" />
            <line number="83" hits="0" branch="false" />
            <line number="84" hits="0" branch="false" />
            <line number="85" hits="0" branch="false" />
            <line number="86" hits="0" branch="false" />
            <line number="87" hits="0" branch="false" />
          </lines>
        </class>
        <class name="РРУК_01.UsageExample" filename="C:\Users\basma\Desktop\3 year\6 semester\Рефакторинг и работа с унаследованным кодом\Лабы\RRUK\Labs\Лаба_01\РРУК_01\UsageExample.cs" line-rate="0" branch-rate="1" complexity="1">
          <methods>
            <method name="Example" signature="(...)" line-rate="0" branch-rate="1" complexity="1">
              <lines>
                <line number="6" hits="0" branch="false" />
                <line number="7" hits="0" branch="false" />
                <line number="8" hits="0" branch="false" />
                <line number="9" hits="0" branch="false" />
                <line number="10" hits="0" branch="false" />
                <line number="11" hits="0" branch="false" />
                <line number="12" hits="0" branch="false" />
                <line number="13" hits="0" branch="false" />
                <line number="14" hits="0" branch="false" />
                <line number="15" hits="0" branch="false" />
                <line number="16" hits="0" branch="false" />
                <line number="17" hits="0" branch="false" />
              </lines>
            </method>
          </methods>
          <lines>
            <line number="6" hits="0" branch="false" />
            <line number="7" hits="0" branch="false" />
            <line number="8" hits="0" branch="false" />
            <line number="9" hits="0" branch="false" />
            <line number="10" hits="0" branch="false" />
            <line number="11" hits="0" branch="false" />
            <line number="12" hits="0" branch="false" />
            <line number="13" hits="0" branch="false" />
            <line number="14" hits="0" branch="false" />
            <line number="15" hits="0" branch="false" />
            <line number="16" hits="0" branch="false" />
            <line number="17" hits="0" branch="false" />
          </lines>
        </class>
      </classes>
    </package>
  </packages>
</coverage>