TpTrace Verbose: 0 : 2096, 1, 2024/02/12, 12:08:00.302, 28294030285705, vstest.console.dll, Version: 17.8.0-release-23523-03 Current process architecture: X64
TpTrace Verbose: 0 : 2096, 1, 2024/02/12, 12:08:00.304, 28294030300302, vstest.console.dll, Runtime location: C:\Program Files\dotnet\shared\Microsoft.NETCore.App\8.0.0
TpTrace Verbose: 0 : 2096, 1, 2024/02/12, 12:08:00.305, 28294030313301, vstest.console.dll, ArtifactProcessingPostProcessModeProcessorExecutor.Initialize: ArtifactProcessingMode.Collect
TpTrace Verbose: 0 : 2096, 1, 2024/02/12, 12:08:00.305, 28294030314050, vstest.console.dll, TestSessionCorrelationIdProcessorModeProcessorExecutor.Initialize: TestSessionCorrelationId '19072_97fe73ca-9c15-4d4e-9326-abb003816c3d'
TpTrace Information: 0 : 2096, 1, 2024/02/12, 12:08:00.310, 28294030361235, vstest.console.dll, FilePatternParser: The given file C:\Users\basma\Desktop\3 year\6 semester\Рефакторинг и работа с унаследованным кодом\Лабы\RRUK\Labs\Лаба_01\regressionTesting\bin\Debug\net8.0\fine-code-coverage\build-output\regressionTesting.dll is a full path.
TpTrace Verbose: 0 : 2096, 1, 2024/02/12, 12:08:00.312, 28294030385778, vstest.console.dll, TestPluginCache.DiscoverTestExtensions: finding test extensions in assemblies ends with: RuntimeProvider.dll TPluginInfo: Microsoft.VisualStudio.TestPlatform.Common.ExtensionFramework.Utilities.TestRuntimePluginInformation TExtension: Microsoft.VisualStudio.TestPlatform.ObjectModel.Host.ITestRuntimeProvider
TpTrace Verbose: 0 : 2096, 1, 2024/02/12, 12:08:00.312, 28294030387391, vstest.console.dll, TestPluginCache.GetExtensionPaths: Filtered extension paths: 
TpTrace Verbose: 0 : 2096, 1, 2024/02/12, 12:08:00.312, 28294030387736, vstest.console.dll, TestPluginCache.GetExtensionPaths: Added default extension paths: C:\Program Files\dotnet\sdk\8.0.100\Extensions\Microsoft.Diagnostics.NETCore.Client.dll
C:\Program Files\dotnet\sdk\8.0.100\Extensions\Microsoft.TestPlatform.Extensions.BlameDataCollector.dll
C:\Program Files\dotnet\sdk\8.0.100\Extensions\Microsoft.TestPlatform.Extensions.EventLogCollector.dll
C:\Program Files\dotnet\sdk\8.0.100\Extensions\Microsoft.TestPlatform.TestHostRuntimeProvider.dll
C:\Program Files\dotnet\sdk\8.0.100\Extensions\Microsoft.VisualStudio.TestPlatform.Extensions.Html.TestLogger.dll
C:\Program Files\dotnet\sdk\8.0.100\Extensions\Microsoft.VisualStudio.TestPlatform.Extensions.Trx.TestLogger.dll
TpTrace Verbose: 0 : 2096, 1, 2024/02/12, 12:08:00.312, 28294030387883, vstest.console.dll, TestPluginCache.GetExtensionPaths: Added unfilterableExtensionPaths: 
TpTrace Information: 0 : 2096, 1, 2024/02/12, 12:08:00.313, 28294030390508, vstest.console.dll, AssemblyResolver.ctor: Creating AssemblyResolver with searchDirectories C:\Program Files\dotnet\sdk\8.0.100\Extensions,C:\Program Files\dotnet\sdk\8.0.100
TpTrace Verbose: 0 : 2096, 1, 2024/02/12, 12:08:00.313, 28294030396899, vstest.console.dll, TestPluginCache.DiscoverTestExtensions: Discovering the extensions using extension path.
TpTrace Verbose: 0 : 2096, 1, 2024/02/12, 12:08:00.313, 28294030397538, vstest.console.dll, TestPluginCache.GetExtensionPaths: Filtered extension paths: 
TpTrace Verbose: 0 : 2096, 1, 2024/02/12, 12:08:00.313, 28294030397683, vstest.console.dll, TestPluginCache.GetExtensionPaths: Added default extension paths: C:\Program Files\dotnet\sdk\8.0.100\Extensions\Microsoft.Diagnostics.NETCore.Client.dll
C:\Program Files\dotnet\sdk\8.0.100\Extensions\Microsoft.TestPlatform.Extensions.BlameDataCollector.dll
C:\Program Files\dotnet\sdk\8.0.100\Extensions\Microsoft.TestPlatform.Extensions.EventLogCollector.dll
C:\Program Files\dotnet\sdk\8.0.100\Extensions\Microsoft.TestPlatform.TestHostRuntimeProvider.dll
C:\Program Files\dotnet\sdk\8.0.100\Extensions\Microsoft.VisualStudio.TestPlatform.Extensions.Html.TestLogger.dll
C:\Program Files\dotnet\sdk\8.0.100\Extensions\Microsoft.VisualStudio.TestPlatform.Extensions.Trx.TestLogger.dll
TpTrace Verbose: 0 : 2096, 1, 2024/02/12, 12:08:00.313, 28294030397809, vstest.console.dll, TestPluginCache.GetExtensionPaths: Added unfilterableExtensionPaths: 
TpTrace Verbose: 0 : 2096, 1, 2024/02/12, 12:08:00.313, 28294030398317, vstest.console.dll, TestPluginCache.DiscoverTestExtensions: Discovering the extensions using allExtensionPaths: C:\Program Files\dotnet\sdk\8.0.100\Extensions\Microsoft.Diagnostics.NETCore.Client.dll
C:\Program Files\dotnet\sdk\8.0.100\Extensions\Microsoft.TestPlatform.Extensions.BlameDataCollector.dll
C:\Program Files\dotnet\sdk\8.0.100\Extensions\Microsoft.TestPlatform.Extensions.EventLogCollector.dll
C:\Program Files\dotnet\sdk\8.0.100\Extensions\Microsoft.TestPlatform.TestHostRuntimeProvider.dll
C:\Program Files\dotnet\sdk\8.0.100\Extensions\Microsoft.VisualStudio.TestPlatform.Extensions.Html.TestLogger.dll
C:\Program Files\dotnet\sdk\8.0.100\Extensions\Microsoft.VisualStudio.TestPlatform.Extensions.Trx.TestLogger.dll
TpTrace Information: 0 : 2096, 1, 2024/02/12, 12:08:00.313, 28294030398748, vstest.console.dll, AssemblyResolver.AddSearchDirectories: Adding more searchDirectories C:\Program Files\dotnet\sdk\8.0.100\Extensions,C:\Program Files\dotnet\sdk\8.0.100
TpTrace Information: 0 : 2096, 1, 2024/02/12, 12:08:00.313, 28294030398921, vstest.console.dll, AssemblyResolver.AddSearchDirectories: Adding more searchDirectories C:\Program Files\dotnet\sdk\8.0.100\Extensions,C:\Program Files\dotnet\sdk\8.0.100
TpTrace Information: 0 : 2096, 1, 2024/02/12, 12:08:00.313, 28294030399020, vstest.console.dll, AssemblyResolver.AddSearchDirectories: Adding more searchDirectories C:\Program Files\dotnet\sdk\8.0.100\Extensions,C:\Program Files\dotnet\sdk\8.0.100
TpTrace Information: 0 : 2096, 1, 2024/02/12, 12:08:00.313, 28294030399114, vstest.console.dll, AssemblyResolver.AddSearchDirectories: Adding more searchDirectories C:\Program Files\dotnet\sdk\8.0.100\Extensions,C:\Program Files\dotnet\sdk\8.0.100
TpTrace Information: 0 : 2096, 1, 2024/02/12, 12:08:00.313, 28294030399229, vstest.console.dll, AssemblyResolver.AddSearchDirectories: Adding more searchDirectories C:\Program Files\dotnet\sdk\8.0.100\Extensions,C:\Program Files\dotnet\sdk\8.0.100
TpTrace Information: 0 : 2096, 1, 2024/02/12, 12:08:00.313, 28294030399322, vstest.console.dll, AssemblyResolver.AddSearchDirectories: Adding more searchDirectories C:\Program Files\dotnet\sdk\8.0.100\Extensions,C:\Program Files\dotnet\sdk\8.0.100
TpTrace Information: 0 : 2096, 1, 2024/02/12, 12:08:00.314, 28294030401651, vstest.console.dll, AssemblyResolver.OnResolve: Microsoft.Diagnostics.NETCore.Client: Resolving assembly.
TpTrace Information: 0 : 2096, 1, 2024/02/12, 12:08:00.314, 28294030402030, vstest.console.dll, AssemblyResolver.OnResolve: Microsoft.Diagnostics.NETCore.Client: Searching in: 'C:\Program Files\dotnet\sdk\8.0.100\Extensions'.
TpTrace Information: 0 : 2096, 1, 2024/02/12, 12:08:00.317, 28294030433153, vstest.console.dll, AssemblyResolver.OnResolve: Microsoft.Diagnostics.NETCore.Client: Loading assembly 'C:\Program Files\dotnet\sdk\8.0.100\Extensions\Microsoft.Diagnostics.NETCore.Client.dll'.
TpTrace Information: 0 : 2096, 1, 2024/02/12, 12:08:00.317, 28294030436076, vstest.console.dll, AssemblyResolver.OnResolve: Resolved assembly: Microsoft.Diagnostics.NETCore.Client, from path: C:\Program Files\dotnet\sdk\8.0.100\Extensions\Microsoft.Diagnostics.NETCore.Client.dll
TpTrace Verbose: 0 : 2096, 1, 2024/02/12, 12:08:00.319, 28294030457925, vstest.console.dll, MetadataReaderExtensionsHelper: Discovering extensions inside assembly 'Microsoft.Diagnostics.NETCore.Client, Version=0.2.8.21101, Culture=neutral, PublicKeyToken=31bf3856ad364e35' file path 'C:\Program Files\dotnet\sdk\8.0.100\Extensions\Microsoft.Diagnostics.NETCore.Client.dll'
TpTrace Information: 0 : 2096, 1, 2024/02/12, 12:08:00.321, 28294030476039, vstest.console.dll, AssemblyResolver.OnResolve: Microsoft.Bcl.AsyncInterfaces: Resolving assembly.
TpTrace Information: 0 : 2096, 1, 2024/02/12, 12:08:00.321, 28294030476630, vstest.console.dll, AssemblyResolver.OnResolve: Microsoft.Bcl.AsyncInterfaces: Searching in: 'C:\Program Files\dotnet\sdk\8.0.100\Extensions'.
TpTrace Information: 0 : 2096, 1, 2024/02/12, 12:08:00.321, 28294030477168, vstest.console.dll, AssemblyResolver.OnResolve: Microsoft.Bcl.AsyncInterfaces: Assembly path does not exist: 'C:\Program Files\dotnet\sdk\8.0.100\Extensions\Microsoft.Bcl.AsyncInterfaces.dll', returning.
TpTrace Information: 0 : 2096, 1, 2024/02/12, 12:08:00.321, 28294030477365, vstest.console.dll, AssemblyResolver.OnResolve: Microsoft.Bcl.AsyncInterfaces: Assembly path does not exist: 'C:\Program Files\dotnet\sdk\8.0.100\Extensions\Microsoft.Bcl.AsyncInterfaces.exe', returning.
TpTrace Information: 0 : 2096, 1, 2024/02/12, 12:08:00.321, 28294030477492, vstest.console.dll, AssemblyResolver.OnResolve: Microsoft.Bcl.AsyncInterfaces: Searching in: 'C:\Program Files\dotnet\sdk\8.0.100'.
TpTrace Information: 0 : 2096, 1, 2024/02/12, 12:08:00.321, 28294030477705, vstest.console.dll, AssemblyResolver.OnResolve: Microsoft.Bcl.AsyncInterfaces: Assembly path does not exist: 'C:\Program Files\dotnet\sdk\8.0.100\Microsoft.Bcl.AsyncInterfaces.dll', returning.
TpTrace Information: 0 : 2096, 1, 2024/02/12, 12:08:00.321, 28294030477865, vstest.console.dll, AssemblyResolver.OnResolve: Microsoft.Bcl.AsyncInterfaces: Assembly path does not exist: 'C:\Program Files\dotnet\sdk\8.0.100\Microsoft.Bcl.AsyncInterfaces.exe', returning.
TpTrace Information: 0 : 2096, 1, 2024/02/12, 12:08:00.321, 28294030477960, vstest.console.dll, AssemblyResolver.OnResolve: Microsoft.Bcl.AsyncInterfaces: Failed to load assembly.
TpTrace Verbose: 0 : 2096, 1, 2024/02/12, 12:08:00.321, 28294030478095, vstest.console.dll, CurrentDomainAssemblyResolve: Resolving assembly 'Microsoft.Bcl.AsyncInterfaces'.
TpTrace Information: 0 : 2096, 1, 2024/02/12, 12:08:00.321, 28294030478354, vstest.console.dll, AssemblyResolver.OnResolve: Microsoft.Bcl.AsyncInterfaces: Resolving assembly.
TpTrace Information: 0 : 2096, 1, 2024/02/12, 12:08:00.321, 28294030478482, vstest.console.dll, AssemblyResolver.OnResolve: Microsoft.Bcl.AsyncInterfaces: Resolved from cache.
TpTrace Verbose: 0 : 2096, 1, 2024/02/12, 12:08:00.321, 28294030478577, vstest.console.dll, CurrentDomainAssemblyResolve: Resolving assembly 'Microsoft.Bcl.AsyncInterfaces'.
TpTrace Verbose: 0 : 2096, 1, 2024/02/12, 12:08:00.321, 28294030478702, vstest.console.dll, CurrentDomainAssemblyResolve: Failed to resolve assembly 'Microsoft.Bcl.AsyncInterfaces'.
TpTrace Verbose: 0 : 2096, 1, 2024/02/12, 12:08:00.322, 28294030482031, vstest.console.dll, CurrentDomainAssemblyResolve: Failed to resolve assembly 'Microsoft.Bcl.AsyncInterfaces'.
TpTrace Warning: 0 : 2096, 1, 2024/02/12, 12:08:00.327, 28294030533211, vstest.console.dll, TestPluginDiscoverer: Failed to get types from assembly 'Microsoft.Diagnostics.NETCore.Client, Version=0.2.8.21101, Culture=neutral, PublicKeyToken=31bf3856ad364e35'. Error: System.Reflection.ReflectionTypeLoadException: Unable to load one or more of the requested types.
Could not load file or assembly 'Microsoft.Bcl.AsyncInterfaces, Version=1.0.0.0, Culture=neutral, PublicKeyToken=cc7b13ffcd2ddd51'. The system cannot find the file specified.
   at System.Reflection.RuntimeModule.GetTypes(RuntimeModule module)
   at System.Reflection.RuntimeModule.GetTypes()
   at Microsoft.VisualStudio.TestPlatform.Common.ExtensionFramework.TestPluginDiscoverer.GetTestExtensionsFromAssembly[TPluginInfo,TExtension](Assembly assembly, Dictionary`2 pluginInfos, String filePath) in /_/src/Microsoft.TestPlatform.Common/ExtensionFramework/TestPluginDiscoverer.cs:line 158
System.IO.FileNotFoundException: Could not load file or assembly 'Microsoft.Bcl.AsyncInterfaces, Version=1.0.0.0, Culture=neutral, PublicKeyToken=cc7b13ffcd2ddd51'. The system cannot find the file specified.
File name: 'Microsoft.Bcl.AsyncInterfaces, Version=1.0.0.0, Culture=neutral, PublicKeyToken=cc7b13ffcd2ddd51'
 ---> System.IO.FileNotFoundException: Could not load file or assembly 'Microsoft.Bcl.AsyncInterfaces, Culture=neutral, PublicKeyToken=null'. The system cannot find the file specified.
File name: 'Microsoft.Bcl.AsyncInterfaces, Culture=neutral, PublicKeyToken=null'
   at System.Reflection.RuntimeAssembly.InternalLoad(AssemblyName assemblyName, StackCrawlMark& stackMark, AssemblyLoadContext assemblyLoadContext, RuntimeAssembly requestingAssembly, Boolean throwOnFileNotFound)
   at System.Reflection.Assembly.Load(AssemblyName assemblyRef)
   at Microsoft.VisualStudio.TestPlatform.Common.ExtensionFramework.TestPluginCache.CurrentDomainAssemblyResolve(Object sender, AssemblyResolveEventArgs args) in /_/src/Microsoft.TestPlatform.Common/ExtensionFramework/TestPluginCache.cs:line 513
   at System.Runtime.Loader.AssemblyLoadContext.GetFirstResolvedAssemblyFromResolvingEvent(AssemblyName assemblyName)
   at System.Runtime.Loader.AssemblyLoadContext.ResolveUsingEvent(AssemblyName assemblyName)
   at System.Runtime.Loader.AssemblyLoadContext.ResolveUsingResolvingEvent(IntPtr gchManagedAssemblyLoadContext, AssemblyName assemblyName)
TpTrace Warning: 0 : 2096, 1, 2024/02/12, 12:08:00.327, 28294030534676, vstest.console.dll, LoaderExceptions: System.IO.FileNotFoundException: Could not load file or assembly 'Microsoft.Bcl.AsyncInterfaces, Version=1.0.0.0, Culture=neutral, PublicKeyToken=cc7b13ffcd2ddd51'. The system cannot find the file specified.
File name: 'Microsoft.Bcl.AsyncInterfaces, Version=1.0.0.0, Culture=neutral, PublicKeyToken=cc7b13ffcd2ddd51'
 ---> System.IO.FileNotFoundException: Could not load file or assembly 'Microsoft.Bcl.AsyncInterfaces, Culture=neutral, PublicKeyToken=null'. The system cannot find the file specified.
File name: 'Microsoft.Bcl.AsyncInterfaces, Culture=neutral, PublicKeyToken=null'
   at System.Reflection.RuntimeAssembly.InternalLoad(AssemblyName assemblyName, StackCrawlMark& stackMark, AssemblyLoadContext assemblyLoadContext, RuntimeAssembly requestingAssembly, Boolean throwOnFileNotFound)
   at System.Reflection.Assembly.Load(AssemblyName assemblyRef)
   at Microsoft.VisualStudio.TestPlatform.Common.ExtensionFramework.TestPluginCache.CurrentDomainAssemblyResolve(Object sender, AssemblyResolveEventArgs args) in /_/src/Microsoft.TestPlatform.Common/ExtensionFramework/TestPluginCache.cs:line 513
   at System.Runtime.Loader.AssemblyLoadContext.GetFirstResolvedAssemblyFromResolvingEvent(AssemblyName assemblyName)
   at System.Runtime.Loader.AssemblyLoadContext.ResolveUsingEvent(AssemblyName assemblyName)
   at System.Runtime.Loader.AssemblyLoadContext.ResolveUsingResolvingEvent(IntPtr gchManagedAssemblyLoadContext, AssemblyName assemblyName)
TpTrace Information: 0 : 2096, 1, 2024/02/12, 12:08:00.327, 28294030535284, vstest.console.dll, AssemblyResolver.OnResolve: Microsoft.TestPlatform.Extensions.BlameDataCollector: Resolving assembly.
TpTrace Information: 0 : 2096, 1, 2024/02/12, 12:08:00.327, 28294030535480, vstest.console.dll, AssemblyResolver.OnResolve: Microsoft.TestPlatform.Extensions.BlameDataCollector: Searching in: 'C:\Program Files\dotnet\sdk\8.0.100\Extensions'.
TpTrace Information: 0 : 2096, 1, 2024/02/12, 12:08:00.327, 28294030537719, vstest.console.dll, AssemblyResolver.OnResolve: Microsoft.TestPlatform.Extensions.BlameDataCollector: Loading assembly 'C:\Program Files\dotnet\sdk\8.0.100\Extensions\Microsoft.TestPlatform.Extensions.BlameDataCollector.dll'.
TpTrace Information: 0 : 2096, 1, 2024/02/12, 12:08:00.328, 28294030539959, vstest.console.dll, AssemblyResolver.OnResolve: Resolved assembly: Microsoft.TestPlatform.Extensions.BlameDataCollector, from path: C:\Program Files\dotnet\sdk\8.0.100\Extensions\Microsoft.TestPlatform.Extensions.BlameDataCollector.dll
TpTrace Verbose: 0 : 2096, 1, 2024/02/12, 12:08:00.328, 28294030540289, vstest.console.dll, MetadataReaderExtensionsHelper: Discovering extensions inside assembly 'Microsoft.TestPlatform.Extensions.BlameDataCollector, Version=15.0.0.0, Culture=neutral, PublicKeyToken=b03f5f7f11d50a3a' file path 'C:\Program Files\dotnet\sdk\8.0.100\Extensions\Microsoft.TestPlatform.Extensions.BlameDataCollector.dll'
TpTrace Information: 0 : 2096, 1, 2024/02/12, 12:08:00.328, 28294030546803, vstest.console.dll, AssemblyResolver.OnResolve: Microsoft.TestPlatform.Extensions.EventLogCollector: Resolving assembly.
TpTrace Information: 0 : 2096, 1, 2024/02/12, 12:08:00.328, 28294030547400, vstest.console.dll, AssemblyResolver.OnResolve: Microsoft.TestPlatform.Extensions.EventLogCollector: Searching in: 'C:\Program Files\dotnet\sdk\8.0.100\Extensions'.
TpTrace Information: 0 : 2096, 1, 2024/02/12, 12:08:00.328, 28294030549436, vstest.console.dll, AssemblyResolver.OnResolve: Microsoft.TestPlatform.Extensions.EventLogCollector: Loading assembly 'C:\Program Files\dotnet\sdk\8.0.100\Extensions\Microsoft.TestPlatform.Extensions.EventLogCollector.dll'.
TpTrace Information: 0 : 2096, 1, 2024/02/12, 12:08:00.329, 28294030551487, vstest.console.dll, AssemblyResolver.OnResolve: Resolved assembly: Microsoft.TestPlatform.Extensions.EventLogCollector, from path: C:\Program Files\dotnet\sdk\8.0.100\Extensions\Microsoft.TestPlatform.Extensions.EventLogCollector.dll
TpTrace Verbose: 0 : 2096, 1, 2024/02/12, 12:08:00.329, 28294030551759, vstest.console.dll, MetadataReaderExtensionsHelper: Discovering extensions inside assembly 'Microsoft.TestPlatform.Extensions.EventLogCollector, Version=15.0.0.0, Culture=neutral, PublicKeyToken=b03f5f7f11d50a3a' file path 'C:\Program Files\dotnet\sdk\8.0.100\Extensions\Microsoft.TestPlatform.Extensions.EventLogCollector.dll'
TpTrace Information: 0 : 2096, 1, 2024/02/12, 12:08:00.330, 28294030560719, vstest.console.dll, AssemblyResolver.OnResolve: Microsoft.TestPlatform.TestHostRuntimeProvider: Resolving assembly.
TpTrace Information: 0 : 2096, 1, 2024/02/12, 12:08:00.330, 28294030561078, vstest.console.dll, AssemblyResolver.OnResolve: Microsoft.TestPlatform.TestHostRuntimeProvider: Searching in: 'C:\Program Files\dotnet\sdk\8.0.100\Extensions'.
TpTrace Information: 0 : 2096, 1, 2024/02/12, 12:08:00.330, 28294030563001, vstest.console.dll, AssemblyResolver.OnResolve: Microsoft.TestPlatform.TestHostRuntimeProvider: Loading assembly 'C:\Program Files\dotnet\sdk\8.0.100\Extensions\Microsoft.TestPlatform.TestHostRuntimeProvider.dll'.
TpTrace Information: 0 : 2096, 1, 2024/02/12, 12:08:00.330, 28294030565001, vstest.console.dll, AssemblyResolver.OnResolve: Resolved assembly: Microsoft.TestPlatform.TestHostRuntimeProvider, from path: C:\Program Files\dotnet\sdk\8.0.100\Extensions\Microsoft.TestPlatform.TestHostRuntimeProvider.dll
TpTrace Verbose: 0 : 2096, 1, 2024/02/12, 12:08:00.330, 28294030565283, vstest.console.dll, MetadataReaderExtensionsHelper: Discovering extensions inside assembly 'Microsoft.TestPlatform.TestHostRuntimeProvider, Version=15.0.0.0, Culture=neutral, PublicKeyToken=b03f5f7f11d50a3a' file path 'C:\Program Files\dotnet\sdk\8.0.100\Extensions\Microsoft.TestPlatform.TestHostRuntimeProvider.dll'
TpTrace Information: 0 : 2096, 1, 2024/02/12, 12:08:00.331, 28294030572296, vstest.console.dll, GetTestExtensionFromType: Register extension with identifier data 'HostProvider://DefaultTestHost' and type 'Microsoft.VisualStudio.TestPlatform.CrossPlatEngine.Hosting.DefaultTestHostManager, Microsoft.TestPlatform.TestHostRuntimeProvider, Version=15.0.0.0, Culture=neutral, PublicKeyToken=b03f5f7f11d50a3a' inside file 'C:\Program Files\dotnet\sdk\8.0.100\Extensions\Microsoft.TestPlatform.TestHostRuntimeProvider.dll'
TpTrace Information: 0 : 2096, 1, 2024/02/12, 12:08:00.331, 28294030573800, vstest.console.dll, GetTestExtensionFromType: Register extension with identifier data 'HostProvider://DotnetTestHost' and type 'Microsoft.VisualStudio.TestPlatform.CrossPlatEngine.Hosting.DotnetTestHostManager, Microsoft.TestPlatform.TestHostRuntimeProvider, Version=15.0.0.0, Culture=neutral, PublicKeyToken=b03f5f7f11d50a3a' inside file 'C:\Program Files\dotnet\sdk\8.0.100\Extensions\Microsoft.TestPlatform.TestHostRuntimeProvider.dll'
TpTrace Information: 0 : 2096, 1, 2024/02/12, 12:08:00.331, 28294030574385, vstest.console.dll, AssemblyResolver.OnResolve: Microsoft.VisualStudio.TestPlatform.Extensions.Html.TestLogger: Resolving assembly.
TpTrace Information: 0 : 2096, 1, 2024/02/12, 12:08:00.331, 28294030574582, vstest.console.dll, AssemblyResolver.OnResolve: Microsoft.VisualStudio.TestPlatform.Extensions.Html.TestLogger: Searching in: 'C:\Program Files\dotnet\sdk\8.0.100\Extensions'.
TpTrace Information: 0 : 2096, 1, 2024/02/12, 12:08:00.331, 28294030579416, vstest.console.dll, AssemblyResolver.OnResolve: Microsoft.VisualStudio.TestPlatform.Extensions.Html.TestLogger: Loading assembly 'C:\Program Files\dotnet\sdk\8.0.100\Extensions\Microsoft.VisualStudio.TestPlatform.Extensions.Html.TestLogger.dll'.
TpTrace Information: 0 : 2096, 1, 2024/02/12, 12:08:00.332, 28294030582991, vstest.console.dll, AssemblyResolver.OnResolve: Resolved assembly: Microsoft.VisualStudio.TestPlatform.Extensions.Html.TestLogger, from path: C:\Program Files\dotnet\sdk\8.0.100\Extensions\Microsoft.VisualStudio.TestPlatform.Extensions.Html.TestLogger.dll
TpTrace Verbose: 0 : 2096, 1, 2024/02/12, 12:08:00.332, 28294030583405, vstest.console.dll, MetadataReaderExtensionsHelper: Discovering extensions inside assembly 'Microsoft.VisualStudio.TestPlatform.Extensions.Html.TestLogger, Version=15.0.0.0, Culture=neutral, PublicKeyToken=b03f5f7f11d50a3a' file path 'C:\Program Files\dotnet\sdk\8.0.100\Extensions\Microsoft.VisualStudio.TestPlatform.Extensions.Html.TestLogger.dll'
TpTrace Information: 0 : 2096, 1, 2024/02/12, 12:08:00.332, 28294030589186, vstest.console.dll, AssemblyResolver.OnResolve: Microsoft.VisualStudio.TestPlatform.Extensions.Trx.TestLogger: Resolving assembly.
TpTrace Information: 0 : 2096, 1, 2024/02/12, 12:08:00.332, 28294030589589, vstest.console.dll, AssemblyResolver.OnResolve: Microsoft.VisualStudio.TestPlatform.Extensions.Trx.TestLogger: Searching in: 'C:\Program Files\dotnet\sdk\8.0.100\Extensions'.
TpTrace Information: 0 : 2096, 1, 2024/02/12, 12:08:00.333, 28294030596287, vstest.console.dll, AssemblyResolver.OnResolve: Microsoft.VisualStudio.TestPlatform.Extensions.Trx.TestLogger: Loading assembly 'C:\Program Files\dotnet\sdk\8.0.100\Extensions\Microsoft.VisualStudio.TestPlatform.Extensions.Trx.TestLogger.dll'.
TpTrace Information: 0 : 2096, 1, 2024/02/12, 12:08:00.334, 28294030600083, vstest.console.dll, AssemblyResolver.OnResolve: Resolved assembly: Microsoft.VisualStudio.TestPlatform.Extensions.Trx.TestLogger, from path: C:\Program Files\dotnet\sdk\8.0.100\Extensions\Microsoft.VisualStudio.TestPlatform.Extensions.Trx.TestLogger.dll
TpTrace Verbose: 0 : 2096, 1, 2024/02/12, 12:08:00.334, 28294030600462, vstest.console.dll, MetadataReaderExtensionsHelper: Discovering extensions inside assembly 'Microsoft.VisualStudio.TestPlatform.Extensions.Trx.TestLogger, Version=15.0.0.0, Culture=neutral, PublicKeyToken=b03f5f7f11d50a3a' file path 'C:\Program Files\dotnet\sdk\8.0.100\Extensions\Microsoft.VisualStudio.TestPlatform.Extensions.Trx.TestLogger.dll'
TpTrace Verbose: 0 : 2096, 1, 2024/02/12, 12:08:00.334, 28294030606378, vstest.console.dll, TestPluginCache: Discovered the extensions using extension path ''.
TpTrace Verbose: 0 : 2096, 1, 2024/02/12, 12:08:00.334, 28294030606719, vstest.console.dll, TestPluginCache: Discoverers are ''.
TpTrace Verbose: 0 : 2096, 1, 2024/02/12, 12:08:00.334, 28294030606824, vstest.console.dll, TestPluginCache: Executors are ''.
TpTrace Verbose: 0 : 2096, 1, 2024/02/12, 12:08:00.334, 28294030606915, vstest.console.dll, TestPluginCache: Executors2 are ''.
TpTrace Verbose: 0 : 2096, 1, 2024/02/12, 12:08:00.334, 28294030607007, vstest.console.dll, TestPluginCache: Setting providers are ''.
TpTrace Verbose: 0 : 2096, 1, 2024/02/12, 12:08:00.334, 28294030607098, vstest.console.dll, TestPluginCache: Loggers are ''.
TpTrace Verbose: 0 : 2096, 1, 2024/02/12, 12:08:00.334, 28294030607425, vstest.console.dll, TestPluginCache: TestHosts are 'HostProvider://DefaultTestHost,HostProvider://DotnetTestHost'.
TpTrace Verbose: 0 : 2096, 1, 2024/02/12, 12:08:00.334, 28294030607526, vstest.console.dll, TestPluginCache: DataCollectors are ''.
TpTrace Information: 0 : 2096, 1, 2024/02/12, 12:08:00.340, 28294030664079, vstest.console.dll, RunTestsArgumentProcessor:Execute: Test run is starting.
TpTrace Verbose: 0 : 2096, 1, 2024/02/12, 12:08:00.340, 28294030664605, vstest.console.dll, RunTestsArgumentProcessor:Execute: Queuing Test run.
TpTrace Information: 0 : 2096, 1, 2024/02/12, 12:08:00.340, 28294030666736, vstest.console.dll, TestRequestManager.RunTests: run tests started.
TpTrace Information: 0 : 2096, 1, 2024/02/12, 12:08:00.341, 28294030673495, vstest.console.dll, AssemblyMetadataProvider.GetFrameworkName: Determined framework:'.NETCoreApp,Version=v8.0' for source: 'C:\Users\basma\Desktop\3 year\6 semester\Рефакторинг и работа с унаследованным кодом\Лабы\RRUK\Labs\Лаба_01\regressionTesting\bin\Debug\net8.0\fine-code-coverage\build-output\regressionTesting.dll'
TpTrace Information: 0 : 2096, 1, 2024/02/12, 12:08:00.341, 28294030674187, vstest.console.dll, Determined framework for all sources: .NETCoreApp,Version=v8.0
TpTrace Verbose: 0 : 2096, 1, 2024/02/12, 12:08:00.341, 28294030676133, vstest.console.dll, TestRequestManager.UpdateRunSettingsIfRequired: Default architecture: X64 IsDefaultTargetArchitecture: True, Current process architecture: X64 OperatingSystem: Windows.
TpTrace Information: 0 : 2096, 1, 2024/02/12, 12:08:00.342, 28294030683841, vstest.console.dll, AssemblyMetadataProvider.GetArchitecture: Determined architecture:AnyCPU info for assembly: C:\Users\basma\Desktop\3 year\6 semester\Рефакторинг и работа с унаследованным кодом\Лабы\RRUK\Labs\Лаба_01\regressionTesting\bin\Debug\net8.0\fine-code-coverage\build-output\regressionTesting.dll
TpTrace Information: 0 : 2096, 1, 2024/02/12, 12:08:00.342, 28294030684123, vstest.console.dll, Determined platform for source 'C:\Users\basma\Desktop\3 year\6 semester\Рефакторинг и работа с унаследованным кодом\Лабы\RRUK\Labs\Лаба_01\regressionTesting\bin\Debug\net8.0\fine-code-coverage\build-output\regressionTesting.dll' was AnyCPU and it will use the default plaform X64.
TpTrace Information: 0 : 2096, 1, 2024/02/12, 12:08:00.342, 28294030684229, vstest.console.dll, None of the sources provided any runnable platform, using the default platform: X64
TpTrace Information: 0 : 2096, 1, 2024/02/12, 12:08:00.342, 28294030684648, vstest.console.dll, Platform was updated to 'X64'.
TpTrace Information: 0 : 2096, 1, 2024/02/12, 12:08:00.344, 28294030700184, vstest.console.dll, InferRunSettingsHelper.IsTestSettingsEnabled: Unable to navigate to RunSettings/MSTest. Current node: RunSettings
TpTrace Information: 0 : 2096, 1, 2024/02/12, 12:08:00.344, 28294030703126, vstest.console.dll, AssemblyResolver.OnResolve: Microsoft.VisualStudio.TestPlatform.Fakes: Resolving assembly.
TpTrace Information: 0 : 2096, 1, 2024/02/12, 12:08:00.344, 28294030703484, vstest.console.dll, AssemblyResolver.OnResolve: Microsoft.VisualStudio.TestPlatform.Fakes: Searching in: 'C:\Program Files\dotnet\sdk\8.0.100\Extensions'.
TpTrace Information: 0 : 2096, 1, 2024/02/12, 12:08:00.344, 28294030703844, vstest.console.dll, AssemblyResolver.OnResolve: Microsoft.VisualStudio.TestPlatform.Fakes: Assembly path does not exist: 'C:\Program Files\dotnet\sdk\8.0.100\Extensions\Microsoft.VisualStudio.TestPlatform.Fakes.dll', returning.
TpTrace Information: 0 : 2096, 1, 2024/02/12, 12:08:00.344, 28294030704044, vstest.console.dll, AssemblyResolver.OnResolve: Microsoft.VisualStudio.TestPlatform.Fakes: Assembly path does not exist: 'C:\Program Files\dotnet\sdk\8.0.100\Extensions\Microsoft.VisualStudio.TestPlatform.Fakes.exe', returning.
TpTrace Information: 0 : 2096, 1, 2024/02/12, 12:08:00.344, 28294030704140, vstest.console.dll, AssemblyResolver.OnResolve: Microsoft.VisualStudio.TestPlatform.Fakes: Searching in: 'C:\Program Files\dotnet\sdk\8.0.100'.
TpTrace Information: 0 : 2096, 1, 2024/02/12, 12:08:00.344, 28294030704373, vstest.console.dll, AssemblyResolver.OnResolve: Microsoft.VisualStudio.TestPlatform.Fakes: Assembly path does not exist: 'C:\Program Files\dotnet\sdk\8.0.100\Microsoft.VisualStudio.TestPlatform.Fakes.dll', returning.
TpTrace Information: 0 : 2096, 1, 2024/02/12, 12:08:00.344, 28294030704545, vstest.console.dll, AssemblyResolver.OnResolve: Microsoft.VisualStudio.TestPlatform.Fakes: Assembly path does not exist: 'C:\Program Files\dotnet\sdk\8.0.100\Microsoft.VisualStudio.TestPlatform.Fakes.exe', returning.
TpTrace Information: 0 : 2096, 1, 2024/02/12, 12:08:00.344, 28294030704677, vstest.console.dll, AssemblyResolver.OnResolve: Microsoft.VisualStudio.TestPlatform.Fakes: Failed to load assembly.
TpTrace Information: 0 : 2096, 1, 2024/02/12, 12:08:00.344, 28294030706191, vstest.console.dll, Failed to load assembly Microsoft.VisualStudio.TestPlatform.Fakes, Version=17.0.0.0, Culture=neutral. Reason:System.IO.FileNotFoundException: Could not load file or assembly 'Microsoft.VisualStudio.TestPlatform.Fakes, Version=17.0.0.0, Culture=neutral, PublicKeyToken=null'. The system cannot find the file specified.
File name: 'Microsoft.VisualStudio.TestPlatform.Fakes, Version=17.0.0.0, Culture=neutral, PublicKeyToken=null'
   at System.Reflection.RuntimeAssembly.InternalLoad(AssemblyName assemblyName, StackCrawlMark& stackMark, AssemblyLoadContext assemblyLoadContext, RuntimeAssembly requestingAssembly, Boolean throwOnFileNotFound)
   at System.Reflection.Assembly.Load(AssemblyName assemblyRef)
   at Microsoft.VisualStudio.TestPlatform.Common.Utilities.FakesUtilities.LoadTestPlatformAssembly() in /_/src/Microsoft.TestPlatform.Common/Utilities/FakesUtilities.cs:line 272
TpTrace Verbose: 0 : 2096, 1, 2024/02/12, 12:08:00.346, 28294030722723, vstest.console.dll, TestPluginCache.DiscoverTestExtensions: finding test extensions in assemblies ends with: TestLogger.dll TPluginInfo: Microsoft.VisualStudio.TestPlatform.Common.ExtensionFramework.Utilities.TestLoggerPluginInformation TExtension: Microsoft.VisualStudio.TestPlatform.ObjectModel.Client.ITestLogger
TpTrace Verbose: 0 : 2096, 1, 2024/02/12, 12:08:00.346, 28294030723130, vstest.console.dll, TestPluginCache.GetExtensionPaths: Filtered extension paths: 
TpTrace Verbose: 0 : 2096, 1, 2024/02/12, 12:08:00.346, 28294030723275, vstest.console.dll, TestPluginCache.GetExtensionPaths: Added default extension paths: C:\Program Files\dotnet\sdk\8.0.100\Extensions\Microsoft.Diagnostics.NETCore.Client.dll
C:\Program Files\dotnet\sdk\8.0.100\Extensions\Microsoft.TestPlatform.Extensions.BlameDataCollector.dll
C:\Program Files\dotnet\sdk\8.0.100\Extensions\Microsoft.TestPlatform.Extensions.EventLogCollector.dll
C:\Program Files\dotnet\sdk\8.0.100\Extensions\Microsoft.TestPlatform.TestHostRuntimeProvider.dll
C:\Program Files\dotnet\sdk\8.0.100\Extensions\Microsoft.VisualStudio.TestPlatform.Extensions.Html.TestLogger.dll
C:\Program Files\dotnet\sdk\8.0.100\Extensions\Microsoft.VisualStudio.TestPlatform.Extensions.Trx.TestLogger.dll
TpTrace Verbose: 0 : 2096, 1, 2024/02/12, 12:08:00.346, 28294030723380, vstest.console.dll, TestPluginCache.GetExtensionPaths: Added unfilterableExtensionPaths: 
TpTrace Information: 0 : 2096, 1, 2024/02/12, 12:08:00.346, 28294030723908, vstest.console.dll, AssemblyResolver.AddSearchDirectories: Adding more searchDirectories C:\Program Files\dotnet\sdk\8.0.100\Extensions,C:\Program Files\dotnet\sdk\8.0.100
TpTrace Verbose: 0 : 2096, 1, 2024/02/12, 12:08:00.346, 28294030724061, vstest.console.dll, TestPluginCache.DiscoverTestExtensions: Discovering the extensions using extension path.
TpTrace Verbose: 0 : 2096, 1, 2024/02/12, 12:08:00.346, 28294030724176, vstest.console.dll, TestPluginCache.GetExtensionPaths: Filtered extension paths: 
TpTrace Verbose: 0 : 2096, 1, 2024/02/12, 12:08:00.346, 28294030724300, vstest.console.dll, TestPluginCache.GetExtensionPaths: Added default extension paths: C:\Program Files\dotnet\sdk\8.0.100\Extensions\Microsoft.Diagnostics.NETCore.Client.dll
C:\Program Files\dotnet\sdk\8.0.100\Extensions\Microsoft.TestPlatform.Extensions.BlameDataCollector.dll
C:\Program Files\dotnet\sdk\8.0.100\Extensions\Microsoft.TestPlatform.Extensions.EventLogCollector.dll
C:\Program Files\dotnet\sdk\8.0.100\Extensions\Microsoft.TestPlatform.TestHostRuntimeProvider.dll
C:\Program Files\dotnet\sdk\8.0.100\Extensions\Microsoft.VisualStudio.TestPlatform.Extensions.Html.TestLogger.dll
C:\Program Files\dotnet\sdk\8.0.100\Extensions\Microsoft.VisualStudio.TestPlatform.Extensions.Trx.TestLogger.dll
TpTrace Verbose: 0 : 2096, 1, 2024/02/12, 12:08:00.346, 28294030724713, vstest.console.dll, TestPluginCache.GetExtensionPaths: Added unfilterableExtensionPaths: 
TpTrace Verbose: 0 : 2096, 1, 2024/02/12, 12:08:00.346, 28294030724857, vstest.console.dll, TestPluginCache.DiscoverTestExtensions: Discovering the extensions using allExtensionPaths: C:\Program Files\dotnet\sdk\8.0.100\Extensions\Microsoft.Diagnostics.NETCore.Client.dll
C:\Program Files\dotnet\sdk\8.0.100\Extensions\Microsoft.TestPlatform.Extensions.BlameDataCollector.dll
C:\Program Files\dotnet\sdk\8.0.100\Extensions\Microsoft.TestPlatform.Extensions.EventLogCollector.dll
C:\Program Files\dotnet\sdk\8.0.100\Extensions\Microsoft.TestPlatform.TestHostRuntimeProvider.dll
C:\Program Files\dotnet\sdk\8.0.100\Extensions\Microsoft.VisualStudio.TestPlatform.Extensions.Html.TestLogger.dll
C:\Program Files\dotnet\sdk\8.0.100\Extensions\Microsoft.VisualStudio.TestPlatform.Extensions.Trx.TestLogger.dll
TpTrace Information: 0 : 2096, 1, 2024/02/12, 12:08:00.346, 28294030725012, vstest.console.dll, AssemblyResolver.AddSearchDirectories: Adding more searchDirectories C:\Program Files\dotnet\sdk\8.0.100\Extensions,C:\Program Files\dotnet\sdk\8.0.100
TpTrace Information: 0 : 2096, 1, 2024/02/12, 12:08:00.346, 28294030725127, vstest.console.dll, AssemblyResolver.AddSearchDirectories: Adding more searchDirectories C:\Program Files\dotnet\sdk\8.0.100\Extensions,C:\Program Files\dotnet\sdk\8.0.100
TpTrace Information: 0 : 2096, 1, 2024/02/12, 12:08:00.346, 28294030725222, vstest.console.dll, AssemblyResolver.AddSearchDirectories: Adding more searchDirectories C:\Program Files\dotnet\sdk\8.0.100\Extensions,C:\Program Files\dotnet\sdk\8.0.100
TpTrace Information: 0 : 2096, 1, 2024/02/12, 12:08:00.346, 28294030725314, vstest.console.dll, AssemblyResolver.AddSearchDirectories: Adding more searchDirectories C:\Program Files\dotnet\sdk\8.0.100\Extensions,C:\Program Files\dotnet\sdk\8.0.100
TpTrace Information: 0 : 2096, 1, 2024/02/12, 12:08:00.346, 28294030725408, vstest.console.dll, AssemblyResolver.AddSearchDirectories: Adding more searchDirectories C:\Program Files\dotnet\sdk\8.0.100\Extensions,C:\Program Files\dotnet\sdk\8.0.100
TpTrace Information: 0 : 2096, 1, 2024/02/12, 12:08:00.346, 28294030725535, vstest.console.dll, AssemblyResolver.AddSearchDirectories: Adding more searchDirectories C:\Program Files\dotnet\sdk\8.0.100\Extensions,C:\Program Files\dotnet\sdk\8.0.100
TpTrace Verbose: 0 : 2096, 1, 2024/02/12, 12:08:00.346, 28294030725980, vstest.console.dll, MetadataReaderExtensionsHelper: Discovering extensions inside assembly 'Microsoft.Diagnostics.NETCore.Client, Version=0.2.8.21101, Culture=neutral, PublicKeyToken=31bf3856ad364e35' file path 'C:\Program Files\dotnet\sdk\8.0.100\Extensions\Microsoft.Diagnostics.NETCore.Client.dll'
TpTrace Information: 0 : 2096, 1, 2024/02/12, 12:08:00.347, 28294030731638, vstest.console.dll, AssemblyResolver.OnResolve: Microsoft.Bcl.AsyncInterfaces: Resolving assembly.
TpTrace Information: 0 : 2096, 1, 2024/02/12, 12:08:00.347, 28294030731888, vstest.console.dll, AssemblyResolver.OnResolve: Microsoft.Bcl.AsyncInterfaces: Resolved from cache.
TpTrace Verbose: 0 : 2096, 1, 2024/02/12, 12:08:00.347, 28294030732001, vstest.console.dll, CurrentDomainAssemblyResolve: Resolving assembly 'Microsoft.Bcl.AsyncInterfaces'.
TpTrace Information: 0 : 2096, 1, 2024/02/12, 12:08:00.347, 28294030732180, vstest.console.dll, AssemblyResolver.OnResolve: Microsoft.Bcl.AsyncInterfaces: Resolving assembly.
TpTrace Information: 0 : 2096, 1, 2024/02/12, 12:08:00.347, 28294030732266, vstest.console.dll, AssemblyResolver.OnResolve: Microsoft.Bcl.AsyncInterfaces: Resolved from cache.
TpTrace Verbose: 0 : 2096, 1, 2024/02/12, 12:08:00.347, 28294030732374, vstest.console.dll, CurrentDomainAssemblyResolve: Resolving assembly 'Microsoft.Bcl.AsyncInterfaces'.
TpTrace Verbose: 0 : 2096, 1, 2024/02/12, 12:08:00.347, 28294030732458, vstest.console.dll, CurrentDomainAssemblyResolve: Failed to resolve assembly 'Microsoft.Bcl.AsyncInterfaces'.
TpTrace Verbose: 0 : 2096, 1, 2024/02/12, 12:08:00.347, 28294030733112, vstest.console.dll, CurrentDomainAssemblyResolve: Failed to resolve assembly 'Microsoft.Bcl.AsyncInterfaces'.
TpTrace Warning: 0 : 2096, 1, 2024/02/12, 12:08:00.347, 28294030735077, vstest.console.dll, TestPluginDiscoverer: Failed to get types from assembly 'Microsoft.Diagnostics.NETCore.Client, Version=0.2.8.21101, Culture=neutral, PublicKeyToken=31bf3856ad364e35'. Error: System.Reflection.ReflectionTypeLoadException: Unable to load one or more of the requested types.
Could not load file or assembly 'Microsoft.Bcl.AsyncInterfaces, Version=1.0.0.0, Culture=neutral, PublicKeyToken=cc7b13ffcd2ddd51'. The system cannot find the file specified.
   at System.Reflection.RuntimeModule.GetTypes(RuntimeModule module)
   at System.Reflection.RuntimeModule.GetTypes()
   at Microsoft.VisualStudio.TestPlatform.Common.ExtensionFramework.TestPluginDiscoverer.GetTestExtensionsFromAssembly[TPluginInfo,TExtension](Assembly assembly, Dictionary`2 pluginInfos, String filePath) in /_/src/Microsoft.TestPlatform.Common/ExtensionFramework/TestPluginDiscoverer.cs:line 158
System.IO.FileNotFoundException: Could not load file or assembly 'Microsoft.Bcl.AsyncInterfaces, Version=1.0.0.0, Culture=neutral, PublicKeyToken=cc7b13ffcd2ddd51'. The system cannot find the file specified.
File name: 'Microsoft.Bcl.AsyncInterfaces, Version=1.0.0.0, Culture=neutral, PublicKeyToken=cc7b13ffcd2ddd51'
 ---> System.IO.FileNotFoundException: Could not load file or assembly 'Microsoft.Bcl.AsyncInterfaces, Culture=neutral, PublicKeyToken=null'. The system cannot find the file specified.
File name: 'Microsoft.Bcl.AsyncInterfaces, Culture=neutral, PublicKeyToken=null'
   at System.Reflection.RuntimeAssembly.InternalLoad(AssemblyName assemblyName, StackCrawlMark& stackMark, AssemblyLoadContext assemblyLoadContext, RuntimeAssembly requestingAssembly, Boolean throwOnFileNotFound)
   at System.Reflection.Assembly.Load(AssemblyName assemblyRef)
   at Microsoft.VisualStudio.TestPlatform.Common.ExtensionFramework.TestPluginCache.CurrentDomainAssemblyResolve(Object sender, AssemblyResolveEventArgs args) in /_/src/Microsoft.TestPlatform.Common/ExtensionFramework/TestPluginCache.cs:line 513
   at System.Runtime.Loader.AssemblyLoadContext.GetFirstResolvedAssemblyFromResolvingEvent(AssemblyName assemblyName)
   at System.Runtime.Loader.AssemblyLoadContext.ResolveUsingEvent(AssemblyName assemblyName)
   at System.Runtime.Loader.AssemblyLoadContext.ResolveUsingResolvingEvent(IntPtr gchManagedAssemblyLoadContext, AssemblyName assemblyName)
TpTrace Warning: 0 : 2096, 1, 2024/02/12, 12:08:00.347, 28294030736153, vstest.console.dll, LoaderExceptions: System.IO.FileNotFoundException: Could not load file or assembly 'Microsoft.Bcl.AsyncInterfaces, Version=1.0.0.0, Culture=neutral, PublicKeyToken=cc7b13ffcd2ddd51'. The system cannot find the file specified.
File name: 'Microsoft.Bcl.AsyncInterfaces, Version=1.0.0.0, Culture=neutral, PublicKeyToken=cc7b13ffcd2ddd51'
 ---> System.IO.FileNotFoundException: Could not load file or assembly 'Microsoft.Bcl.AsyncInterfaces, Culture=neutral, PublicKeyToken=null'. The system cannot find the file specified.
File name: 'Microsoft.Bcl.AsyncInterfaces, Culture=neutral, PublicKeyToken=null'
   at System.Reflection.RuntimeAssembly.InternalLoad(AssemblyName assemblyName, StackCrawlMark& stackMark, AssemblyLoadContext assemblyLoadContext, RuntimeAssembly requestingAssembly, Boolean throwOnFileNotFound)
   at System.Reflection.Assembly.Load(AssemblyName assemblyRef)
   at Microsoft.VisualStudio.TestPlatform.Common.ExtensionFramework.TestPluginCache.CurrentDomainAssemblyResolve(Object sender, AssemblyResolveEventArgs args) in /_/src/Microsoft.TestPlatform.Common/ExtensionFramework/TestPluginCache.cs:line 513
   at System.Runtime.Loader.AssemblyLoadContext.GetFirstResolvedAssemblyFromResolvingEvent(AssemblyName assemblyName)
   at System.Runtime.Loader.AssemblyLoadContext.ResolveUsingEvent(AssemblyName assemblyName)
   at System.Runtime.Loader.AssemblyLoadContext.ResolveUsingResolvingEvent(IntPtr gchManagedAssemblyLoadContext, AssemblyName assemblyName)
TpTrace Verbose: 0 : 2096, 1, 2024/02/12, 12:08:00.347, 28294030736758, vstest.console.dll, MetadataReaderExtensionsHelper: Discovering extensions inside assembly 'Microsoft.TestPlatform.Extensions.BlameDataCollector, Version=15.0.0.0, Culture=neutral, PublicKeyToken=b03f5f7f11d50a3a' file path 'C:\Program Files\dotnet\sdk\8.0.100\Extensions\Microsoft.TestPlatform.Extensions.BlameDataCollector.dll'
TpTrace Information: 0 : 2096, 1, 2024/02/12, 12:08:00.348, 28294030740905, vstest.console.dll, GetTestExtensionFromType: Register extension with identifier data 'logger://Microsoft/TestPlatform/Extensions/Blame/v1' and type 'Microsoft.TestPlatform.Extensions.BlameDataCollector.BlameLogger, Microsoft.TestPlatform.Extensions.BlameDataCollector, Version=15.0.0.0, Culture=neutral, PublicKeyToken=b03f5f7f11d50a3a' inside file 'C:\Program Files\dotnet\sdk\8.0.100\Extensions\Microsoft.TestPlatform.Extensions.BlameDataCollector.dll'
TpTrace Verbose: 0 : 2096, 1, 2024/02/12, 12:08:00.348, 28294030741190, vstest.console.dll, MetadataReaderExtensionsHelper: Discovering extensions inside assembly 'Microsoft.TestPlatform.Extensions.EventLogCollector, Version=15.0.0.0, Culture=neutral, PublicKeyToken=b03f5f7f11d50a3a' file path 'C:\Program Files\dotnet\sdk\8.0.100\Extensions\Microsoft.TestPlatform.Extensions.EventLogCollector.dll'
TpTrace Verbose: 0 : 2096, 1, 2024/02/12, 12:08:00.348, 28294030744064, vstest.console.dll, MetadataReaderExtensionsHelper: Discovering extensions inside assembly 'Microsoft.TestPlatform.TestHostRuntimeProvider, Version=15.0.0.0, Culture=neutral, PublicKeyToken=b03f5f7f11d50a3a' file path 'C:\Program Files\dotnet\sdk\8.0.100\Extensions\Microsoft.TestPlatform.TestHostRuntimeProvider.dll'
TpTrace Verbose: 0 : 2096, 1, 2024/02/12, 12:08:00.348, 28294030747202, vstest.console.dll, MetadataReaderExtensionsHelper: Discovering extensions inside assembly 'Microsoft.VisualStudio.TestPlatform.Extensions.Html.TestLogger, Version=15.0.0.0, Culture=neutral, PublicKeyToken=b03f5f7f11d50a3a' file path 'C:\Program Files\dotnet\sdk\8.0.100\Extensions\Microsoft.VisualStudio.TestPlatform.Extensions.Html.TestLogger.dll'
TpTrace Information: 0 : 2096, 1, 2024/02/12, 12:08:00.349, 28294030751457, vstest.console.dll, GetTestExtensionFromType: Register extension with identifier data 'logger://Microsoft/TestPlatform/HtmlLogger/v1' and type 'Microsoft.VisualStudio.TestPlatform.Extensions.HtmlLogger.HtmlLogger, Microsoft.VisualStudio.TestPlatform.Extensions.Html.TestLogger, Version=15.0.0.0, Culture=neutral, PublicKeyToken=b03f5f7f11d50a3a' inside file 'C:\Program Files\dotnet\sdk\8.0.100\Extensions\Microsoft.VisualStudio.TestPlatform.Extensions.Html.TestLogger.dll'
TpTrace Verbose: 0 : 2096, 1, 2024/02/12, 12:08:00.349, 28294030751845, vstest.console.dll, MetadataReaderExtensionsHelper: Discovering extensions inside assembly 'Microsoft.VisualStudio.TestPlatform.Extensions.Trx.TestLogger, Version=15.0.0.0, Culture=neutral, PublicKeyToken=b03f5f7f11d50a3a' file path 'C:\Program Files\dotnet\sdk\8.0.100\Extensions\Microsoft.VisualStudio.TestPlatform.Extensions.Trx.TestLogger.dll'
TpTrace Information: 0 : 2096, 1, 2024/02/12, 12:08:00.349, 28294030754647, vstest.console.dll, GetTestExtensionFromType: Register extension with identifier data 'logger://Microsoft/TestPlatform/TrxLogger/v1' and type 'Microsoft.VisualStudio.TestPlatform.Extensions.TrxLogger.TrxLogger, Microsoft.VisualStudio.TestPlatform.Extensions.Trx.TestLogger, Version=15.0.0.0, Culture=neutral, PublicKeyToken=b03f5f7f11d50a3a' inside file 'C:\Program Files\dotnet\sdk\8.0.100\Extensions\Microsoft.VisualStudio.TestPlatform.Extensions.Trx.TestLogger.dll'
TpTrace Verbose: 0 : 2096, 1, 2024/02/12, 12:08:00.349, 28294030755006, vstest.console.dll, TestPluginCache: Discovered the extensions using extension path ''.
TpTrace Verbose: 0 : 2096, 1, 2024/02/12, 12:08:00.349, 28294030755152, vstest.console.dll, TestPluginCache: Discoverers are ''.
TpTrace Verbose: 0 : 2096, 1, 2024/02/12, 12:08:00.349, 28294030755257, vstest.console.dll, TestPluginCache: Executors are ''.
TpTrace Verbose: 0 : 2096, 1, 2024/02/12, 12:08:00.349, 28294030755356, vstest.console.dll, TestPluginCache: Executors2 are ''.
TpTrace Verbose: 0 : 2096, 1, 2024/02/12, 12:08:00.349, 28294030755444, vstest.console.dll, TestPluginCache: Setting providers are ''.
TpTrace Verbose: 0 : 2096, 1, 2024/02/12, 12:08:00.349, 28294030755703, vstest.console.dll, TestPluginCache: Loggers are 'logger://Microsoft/TestPlatform/Extensions/Blame/v1,logger://Microsoft/TestPlatform/HtmlLogger/v1,logger://Microsoft/TestPlatform/TrxLogger/v1'.
TpTrace Verbose: 0 : 2096, 1, 2024/02/12, 12:08:00.349, 28294030755824, vstest.console.dll, TestPluginCache: TestHosts are 'HostProvider://DefaultTestHost,HostProvider://DotnetTestHost'.
TpTrace Verbose: 0 : 2096, 1, 2024/02/12, 12:08:00.349, 28294030755938, vstest.console.dll, TestPluginCache: DataCollectors are ''.
TpTrace Information: 0 : 2096, 1, 2024/02/12, 12:08:00.350, 28294030759973, vstest.console.dll, TestPluginManager.CreateTestExtension: Attempting to load test extension: Microsoft.TestPlatform.Extensions.BlameDataCollector.BlameLogger
TpTrace Verbose: 0 : 2096, 1, 2024/02/12, 12:08:00.353, 28294030797918, vstest.console.dll, TestEngine: Initializing Parallel Execution as MaxCpuCount is set to: 1
TpTrace Information: 0 : 2096, 1, 2024/02/12, 12:08:00.354, 28294030804967, vstest.console.dll, TestPluginManager.CreateTestExtension: Attempting to load test extension: Microsoft.VisualStudio.TestPlatform.CrossPlatEngine.Hosting.DefaultTestHostManager
TpTrace Information: 0 : 2096, 1, 2024/02/12, 12:08:00.354, 28294030808024, vstest.console.dll, TestPluginManager.CreateTestExtension: Attempting to load test extension: Microsoft.VisualStudio.TestPlatform.CrossPlatEngine.Hosting.DotnetTestHostManager
TpTrace Information: 0 : 2096, 1, 2024/02/12, 12:08:00.355, 28294030810506, vstest.console.dll, InferRunSettingsHelper.IsTestSettingsEnabled: Unable to navigate to RunSettings/MSTest. Current node: RunSettings
TpTrace Verbose: 0 : 2096, 1, 2024/02/12, 12:08:00.355, 28294030813226, vstest.console.dll, ParallelOperationManager.ClearSlots: Clearing all slots. Slots should accept more work: True
TpTrace Verbose: 0 : 2096, 1, 2024/02/12, 12:08:00.355, 28294030816578, vstest.console.dll, ParallelOperationManager.SetOccupiedSlotCount: Setting slot counts AvailableSlotCount = 1, OccupiedSlotCount = 0.
TpTrace Verbose: 0 : 2096, 1, 2024/02/12, 12:08:00.355, 28294030818111, vstest.console.dll, Occupied slots:

TpTrace Verbose: 0 : 2096, 1, 2024/02/12, 12:08:00.357, 28294030835384, vstest.console.dll, TestEngine.GetExecutionManager: Chosen execution manager 'Microsoft.VisualStudio.TestPlatform.CrossPlatEngine.Client.Parallel.ParallelProxyExecutionManager, Microsoft.TestPlatform.CrossPlatEngine, Version=15.0.0.0, Culture=neutral, PublicKeyToken=b03f5f7f11d50a3a' ParallelLevel '1'.
TpTrace Verbose: 0 : 2096, 1, 2024/02/12, 12:08:00.357, 28294030836332, vstest.console.dll, TestRunRequest.ExecuteAsync: Creating test run request.
TpTrace Verbose: 0 : 2096, 1, 2024/02/12, 12:08:00.357, 28294030837526, vstest.console.dll, TestRunRequest.ExecuteAsync: Starting.
TpTrace Information: 0 : 2096, 1, 2024/02/12, 12:08:00.358, 28294030843131, vstest.console.dll, TestRunRequest.ExecuteAsync: Starting run with settings:TestRunCriteria:
   KeepAlive=False,FrequencyOfRunStatsChangeEvent=10,RunStatsChangeEventTimeout=00:00:01.5000000,TestCaseFilter=,TestExecutorLauncher=
   Settingsxml=<RunSettings>
  <RunConfiguration>
    <ResultsDirectory>C:\Users\basma\Desktop\3 year\6 semester\Рефакторинг и работа с унаследованным кодом\Лабы\RRUK\Labs\Лаба_01\regressionTesting\bin\Debug\net8.0\fine-code-coverage\coverage-tool-output</ResultsDirectory>
    <TargetPlatform>X64</TargetPlatform>
    <TargetFrameworkVersion>.NETCoreApp,Version=v8.0</TargetFrameworkVersion>
    <DesignMode>False</DesignMode>
    <CollectSourceInformation>False</CollectSourceInformation>
  </RunConfiguration>
  <LoggerRunSettings>
    <Loggers>
      <Logger friendlyName="blame" enabled="True" />
      <Logger friendlyName="Console" uri="logger://microsoft/TestPlatform/ConsoleLogger/v1" assemblyQualifiedName="Microsoft.VisualStudio.TestPlatform.CommandLine.Internal.ConsoleLogger, vstest.console, Version=15.0.0.0, Culture=neutral, PublicKeyToken=b03f5f7f11d50a3a" codeBase="C:\Program Files\dotnet\sdk\8.0.100\vstest.console.dll" enabled="True" />
    </Loggers>
  </LoggerRunSettings>
  <DataCollectionRunSettings>
    <DataCollectors>
      <DataCollector friendlyName="blame" enabled="True">
        <Configuration>
          <ResultsDirectory>C:\Users\basma\Desktop\3 year\6 semester\Рефакторинг и работа с унаследованным кодом\Лабы\RRUK\Labs\Лаба_01\regressionTesting\bin\Debug\net8.0\fine-code-coverage\coverage-tool-output</ResultsDirectory>
        </Configuration>
      </DataCollector>
    </DataCollectors>
  </DataCollectionRunSettings>
</RunSettings>

TpTrace Verbose: 0 : 2096, 1, 2024/02/12, 12:08:00.358, 28294030843395, vstest.console.dll, TestRunRequest.ExecuteAsync: Wait for the first run request is over.
TpTrace Verbose: 0 : 2096, 1, 2024/02/12, 12:08:00.358, 28294030844998, vstest.console.dll, MulticastDelegateUtilities.SafeInvoke: TestRun.TestRunStart: Invoking callbacks was skipped because there are no subscribers.
TpTrace Verbose: 0 : 2096, 5, 2024/02/12, 12:08:00.358, 28294030846875, vstest.console.dll, MulticastDelegateUtilities.SafeInvoke: InternalTestLoggerEvents.SendTestRunStart: Invoking callback 1/1 for Microsoft.VisualStudio.TestPlatform.CommandLine.Internal.ConsoleLogger., took 0 ms.
TpTrace Verbose: 0 : 2096, 1, 2024/02/12, 12:08:00.359, 28294030850270, vstest.console.dll, ParallelProxyExecutionManager: Start execution. Total sources: 1
TpTrace Verbose: 0 : 2096, 1, 2024/02/12, 12:08:00.359, 28294030851909, vstest.console.dll, ParallelOperationManager.StartWork: Starting adding 1 workloads.
TpTrace Verbose: 0 : 2096, 1, 2024/02/12, 12:08:00.359, 28294030852156, vstest.console.dll, ParallelOperationManager.ClearSlots: Clearing all slots. Slots should accept more work: True
TpTrace Verbose: 0 : 2096, 1, 2024/02/12, 12:08:00.359, 28294030852465, vstest.console.dll, ParallelOperationManager.SetOccupiedSlotCount: Setting slot counts AvailableSlotCount = 1, OccupiedSlotCount = 0.
TpTrace Verbose: 0 : 2096, 1, 2024/02/12, 12:08:00.359, 28294030852614, vstest.console.dll, Occupied slots:

TpTrace Verbose: 0 : 2096, 1, 2024/02/12, 12:08:00.359, 28294030859154, vstest.console.dll, TestRequestSender is acting as server.
TpTrace Verbose: 0 : 2096, 1, 2024/02/12, 12:08:00.360, 28294030864315, vstest.console.dll, ParallelOperationManager.RunWorkInParallel: Adding 1 workload to slot, remaining workloads 0.
TpTrace Verbose: 0 : 2096, 1, 2024/02/12, 12:08:00.360, 28294030864609, vstest.console.dll, ParallelOperationManager.SetOccupiedSlotCount: Setting slot counts AvailableSlotCount = 0, OccupiedSlotCount = 1.
TpTrace Verbose: 0 : 2096, 1, 2024/02/12, 12:08:00.360, 28294030865048, vstest.console.dll, Occupied slots:
0: C:\Users\basma\Desktop\3 year\6 semester\Рефакторинг и работа с унаследованным кодом\Лабы\RRUK\Labs\Лаба_01\regressionTesting\bin\Debug\net8.0\fine-code-coverage\build-output\regressionTesting.dll
TpTrace Verbose: 0 : 2096, 1, 2024/02/12, 12:08:00.360, 28294030869721, vstest.console.dll, ParallelOperationManager.RunWorkInParallel: Started host in slot number 0 for work (source): C:\Users\basma\Desktop\3 year\6 semester\Рефакторинг и работа с унаследованным кодом\Лабы\RRUK\Labs\Лаба_01\regressionTesting\bin\Debug\net8.0\fine-code-coverage\build-output\regressionTesting.dll.
TpTrace Verbose: 0 : 2096, 1, 2024/02/12, 12:08:00.361, 28294030875562, vstest.console.dll, ParallelOperationManager.RunWorkInParallel: We started 1 work items, which is the max parallel level. Won't start more work.
TpTrace Verbose: 0 : 2096, 1, 2024/02/12, 12:08:00.361, 28294030875894, vstest.console.dll, ParallelOperationManager.RunWorkInParallel: We started 1 work items in here, returning True.
TpTrace Information: 0 : 2096, 1, 2024/02/12, 12:08:00.361, 28294030876134, vstest.console.dll, TestRunRequest.ExecuteAsync: Started.
TpTrace Verbose: 0 : 2096, 6, 2024/02/12, 12:08:00.361, 28294030876867, vstest.console.dll, ParallelProxyExecutionManager.StartTestRunOnConcurrentManager: Initializing uninitialized client. Started clients: 0
TpTrace Verbose: 0 : 2096, 6, 2024/02/12, 12:08:00.361, 28294030877832, vstest.console.dll, DataCollectionRequestSender.InitializeCommunication : Initialize communication. 
TpTrace Verbose: 0 : 2096, 1, 2024/02/12, 12:08:00.361, 28294030878871, vstest.console.dll, TestRunRequest.WaitForCompletion: Waiting with timeout -1.
TpTrace Information: 0 : 2096, 6, 2024/02/12, 12:08:00.365, 28294030912010, vstest.console.dll, Listening on Endpoint : 127.0.0.1:10922
TpTrace Verbose: 0 : 2096, 6, 2024/02/12, 12:08:00.368, 28294030946733, vstest.console.dll, DotnetDataCollectionLauncher: Adding  --runtimeconfig "C:\Program Files\dotnet\sdk\8.0.100\datacollector.runtimeconfig.json" in args
TpTrace Verbose: 0 : 2096, 6, 2024/02/12, 12:08:00.368, 28294030947172, vstest.console.dll, DotnetDataCollectionLauncher: Adding  --depsfile "C:\Program Files\dotnet\sdk\8.0.100\datacollector.deps.json" in args
TpTrace Verbose: 0 : 2096, 6, 2024/02/12, 12:08:00.368, 28294030947908, vstest.console.dll, DotnetDataCollectionLauncher: Full path of dotnet.exe is C:\Program Files\dotnet\dotnet.exe
TpTrace Information: 0 : 2096, 6, 2024/02/12, 12:08:00.372, 28294030983943, vstest.console.dll, ProxyDataCollectionManager.Initialize: Launched datacollector processId: 22320 port: 10922
TpTrace Information: 0 : 2096, 6, 2024/02/12, 12:08:00.372, 28294030984574, vstest.console.dll, ProxyDataCollectionManager.Initialize: waiting for connection with timeout: 90 seconds
TpTrace Verbose: 0 : 2096, 6, 2024/02/12, 12:08:00.372, 28294030984782, vstest.console.dll, DataCollectionRequestSender.WaitForRequestHandlerConnection : Waiting for connection with timeout: 90000
TpTrace Verbose: 0 : 2096, 6, 2024/02/12, 12:08:00.456, 28294031825877, vstest.console.dll, SocketCommunicationManager.WaitForClientConnection took: 84 ms, with 90000 ms timeout, and finished with True.
TpTrace Verbose: 0 : 2096, 6, 2024/02/12, 12:08:00.456, 28294031826837, vstest.console.dll, ProxyDataCollectionManager.InvokeDataCollectionServiceAction: Starting.
TpTrace Information: 0 : 2096, 8, 2024/02/12, 12:08:00.456, 28294031825868, vstest.console.dll, Using the buffer size of 16384 bytes
TpTrace Information: 0 : 2096, 6, 2024/02/12, 12:08:00.456, 28294031827140, vstest.console.dll, ProxyDataCollectionManager.BeforeTestRunStart: Get environment variable and port for datacollector processId: 22320 port: 10922
TpTrace Information: 0 : 2096, 8, 2024/02/12, 12:08:00.456, 28294031827830, vstest.console.dll, Accepted Client request and set the flag
TpTrace Verbose: 0 : 2096, 6, 2024/02/12, 12:08:00.456, 28294031828138, vstest.console.dll, DataCollectionRequestSender.SendBeforeTestRunStartAndGetResult: Send BeforeTestRunStart message with settingsXml <RunSettings><RunConfiguration><ResultsDirectory>C:\Users\basma\Desktop\3 year\6 semester\Рефакторинг и работа с унаследованным кодом\Лабы\RRUK\Labs\Лаба_01\regressionTesting\bin\Debug\net8.0\fine-code-coverage\coverage-tool-output</ResultsDirectory><TargetPlatform>X64</TargetPlatform><TargetFrameworkVersion>.NETCoreApp,Version=v8.0</TargetFrameworkVersion><DesignMode>False</DesignMode><CollectSourceInformation>False</CollectSourceInformation><TestAdaptersPaths>C:\Program Files\dotnet\sdk\8.0.100\Extensions</TestAdaptersPaths></RunConfiguration><LoggerRunSettings><Loggers><Logger friendlyName="blame" enabled="True" /><Logger friendlyName="Console" uri="logger://microsoft/TestPlatform/ConsoleLogger/v1" assemblyQualifiedName="Microsoft.VisualStudio.TestPlatform.CommandLine.Internal.ConsoleLogger, vstest.console, Version=15.0.0.0, Culture=neutral, PublicKeyToken=b03f5f7f11d50a3a" codeBase="C:\Program Files\dotnet\sdk\8.0.100\vstest.console.dll" enabled="True" /></Loggers></LoggerRunSettings><DataCollectionRunSettings><DataCollectors><DataCollector friendlyName="blame" enabled="True"><Configuration><ResultsDirectory>C:\Users\basma\Desktop\3 year\6 semester\Рефакторинг и работа с унаследованным кодом\Лабы\RRUK\Labs\Лаба_01\regressionTesting\bin\Debug\net8.0\fine-code-coverage\coverage-tool-output</ResultsDirectory></Configuration></DataCollector></DataCollectors></DataCollectionRunSettings></RunSettings> and sources System.Collections.Generic.List`1[System.String]: 
TpTrace Verbose: 0 : 2096, 6, 2024/02/12, 12:08:00.479, 28294032058008, vstest.console.dll, DataCollectionRequestSender.SendBeforeTestRunStartAndGetResult: Received message: (DataCollection.SendMessage) -> {"MessageType":"DataCollection.SendMessage","Payload":{"FriendlyName":null,"Uri":null,"TestCaseId":"00000000-0000-0000-0000-000000000000","Message":"Logging DataCollector Diagnostics in file: C:\\Users\\basma\\Desktop\\3 year\\6 semester\\Рефакторинг и работа с унаследованным кодом\\Лабы\\RRUK\\Labs\\Лаба_01\\regressionTesting\\bin\\Debug\\net8.0\\fine-code-coverage\\coverage-tool-output\\diagnostics.datacollector.24-02-12_12-08-00_36858_6.log","Level":0}}
TpTrace Verbose: 0 : 2096, 6, 2024/02/12, 12:08:00.518, 28294032449705, vstest.console.dll, DataCollectionRequestSender.SendBeforeTestRunStartAndGetResult: Received message: (DataCollection.BeforeTestRunStartResult) -> {"MessageType":"DataCollection.BeforeTestRunStartResult","Payload":{"EnvironmentVariables":{},"DataCollectionEventsPort":10924}}
TpTrace Information: 0 : 2096, 6, 2024/02/12, 12:08:00.521, 28294032477088, vstest.console.dll, ProxyDataCollectionManager.BeforeTestRunStart: SendBeforeTestRunStartAndGetResult successful, env variable from datacollector:   and testhost port: 10924
TpTrace Information: 0 : 2096, 6, 2024/02/12, 12:08:00.521, 28294032477605, vstest.console.dll, ProxyDataCollectionManager.InvokeDataCollectionServiceAction: Completed.
TpTrace Verbose: 0 : 2096, 6, 2024/02/12, 12:08:00.521, 28294032477747, vstest.console.dll, ParallelProxyExecutionManager.StartTestRunOnConcurrentManager: Initializing test run. Started clients: 0
TpTrace Verbose: 0 : 2096, 6, 2024/02/12, 12:08:00.521, 28294032478163, vstest.console.dll, ProxyExecutionManager: Test host is always Lazy initialize.
TpTrace Verbose: 0 : 2096, 6, 2024/02/12, 12:08:00.521, 28294032479197, vstest.console.dll, TestRequestSender.InitializeCommunication: initialize communication. 
TpTrace Information: 0 : 2096, 6, 2024/02/12, 12:08:00.522, 28294032481526, vstest.console.dll, SocketServer.Start: Listening on endpoint : 127.0.0.1:10925
TpTrace Verbose: 0 : 2096, 6, 2024/02/12, 12:08:00.522, 28294032485992, vstest.console.dll, DotnetTestHostmanager.GetTestHostProcessStartInfo: Platform environment 'X64' target architecture 'X64' framework '.NETCoreApp,Version=v8.0' OS 'Windows'
TpTrace Verbose: 0 : 2096, 6, 2024/02/12, 12:08:00.522, 28294032487107, vstest.console.dll, DotnetTestHostmanager: Adding  --runtimeconfig "C:\Users\basma\Desktop\3 year\6 semester\Рефакторинг и работа с унаследованным кодом\Лабы\RRUK\Labs\Лаба_01\regressionTesting\bin\Debug\net8.0\fine-code-coverage\build-output\regressionTesting.runtimeconfig.json" in args
TpTrace Verbose: 0 : 2096, 6, 2024/02/12, 12:08:00.522, 28294032487446, vstest.console.dll, DotnetTestHostmanager: Adding  --depsfile "C:\Users\basma\Desktop\3 year\6 semester\Рефакторинг и работа с унаследованным кодом\Лабы\RRUK\Labs\Лаба_01\regressionTesting\bin\Debug\net8.0\fine-code-coverage\build-output\regressionTesting.deps.json" in args
TpTrace Verbose: 0 : 2096, 6, 2024/02/12, 12:08:00.522, 28294032488422, vstest.console.dll, DotnetTestHostmanager.IsWinOnArm: Current PROCESSOR_ARCHITECTURE from environment variable 'AMD64'
TpTrace Verbose: 0 : 2096, 6, 2024/02/12, 12:08:00.522, 28294032488666, vstest.console.dll, DotnetTestHostmanager.IsWinOnArm: Is Windows on ARM 'False'
TpTrace Verbose: 0 : 2096, 6, 2024/02/12, 12:08:00.522, 28294032489018, vstest.console.dll, DotnetTestHostManager: testhost.exe found at path: C:\Users\basma\Desktop\3 year\6 semester\Рефакторинг и работа с унаследованным кодом\Лабы\RRUK\Labs\Лаба_01\regressionTesting\bin\Debug\net8.0\fine-code-coverage\build-output\testhost.exe
TpTrace Verbose: 0 : 2096, 6, 2024/02/12, 12:08:00.522, 28294032489176, vstest.console.dll, DotnetTestHostmanager: Full path of host exe is C:\Users\basma\Desktop\3 year\6 semester\Рефакторинг и работа с унаследованным кодом\Лабы\RRUK\Labs\Лаба_01\regressionTesting\bin\Debug\net8.0\fine-code-coverage\build-output\testhost.exe
TpTrace Verbose: 0 : 2096, 6, 2024/02/12, 12:08:00.523, 28294032489903, vstest.console.dll, DotnetTestHostmanager.LaunchTestHostAsync: Found 'VSTEST_WINAPPHOST_DOTNET_ROOT' in env variables, value 'C:\Program Files\dotnet', forwarding to 'DOTNET_ROOT'
TpTrace Verbose: 0 : 2096, 6, 2024/02/12, 12:08:00.523, 28294032490690, vstest.console.dll, DotnetTestHostManager: Starting process 'C:\Users\basma\Desktop\3 year\6 semester\Рефакторинг и работа с унаследованным кодом\Лабы\RRUK\Labs\Лаба_01\regressionTesting\bin\Debug\net8.0\fine-code-coverage\build-output\testhost.exe' with command line ' --runtimeconfig "C:\Users\basma\Desktop\3 year\6 semester\Рефакторинг и работа с унаследованным кодом\Лабы\RRUK\Labs\Лаба_01\regressionTesting\bin\Debug\net8.0\fine-code-coverage\build-output\regressionTesting.runtimeconfig.json" --depsfile "C:\Users\basma\Desktop\3 year\6 semester\Рефакторинг и работа с унаследованным кодом\Лабы\RRUK\Labs\Лаба_01\regressionTesting\bin\Debug\net8.0\fine-code-coverage\build-output\regressionTesting.deps.json" --port 10925 --endpoint 127.0.0.1:010925 --role client --parentprocessid 2096 --diag "C:\Users\basma\Desktop\3 year\6 semester\Рефакторинг и работа с унаследованным кодом\Лабы\RRUK\Labs\Лаба_01\regressionTesting\bin\Debug\net8.0\fine-code-coverage\coverage-tool-output\diagnostics.host.24-02-12_12-08-00_52241_6.log" --tracelevel 4 --datacollectionport 10924 --telemetryoptedin false'
TpTrace Verbose: 0 : 2096, 6, 2024/02/12, 12:08:00.526, 28294032529165, vstest.console.dll, MulticastDelegateUtilities.SafeInvoke: HostProviderEvents.OnHostLaunched: Invoking callback 1/2 for Microsoft.VisualStudio.TestPlatform.CrossPlatEngine.Client.ProxyExecutionManagerWithDataCollection., took 0 ms.
TpTrace Verbose: 0 : 2096, 6, 2024/02/12, 12:08:00.527, 28294032530892, vstest.console.dll, Test Runtime launched
TpTrace Verbose: 0 : 2096, 6, 2024/02/12, 12:08:00.527, 28294032531186, vstest.console.dll, MulticastDelegateUtilities.SafeInvoke: HostProviderEvents.OnHostLaunched: Invoking callback 2/2 for Microsoft.VisualStudio.TestPlatform.CrossPlatEngine.Client.ProxyOperationManager., took 0 ms.
TpTrace Verbose: 0 : 2096, 6, 2024/02/12, 12:08:00.527, 28294032532335, vstest.console.dll, TestRequestSender.WaitForRequestHandlerConnection: waiting for connection with timeout: 90000.
TpTrace Verbose: 0 : 2096, 6, 2024/02/12, 12:08:00.616, 28294033421893, vstest.console.dll, TestRequestSender.WaitForRequestHandlerConnection: waiting took 88 ms, with timeout 90000 ms, and result 0, which is success.
TpTrace Verbose: 0 : 2096, 13, 2024/02/12, 12:08:00.616, 28294033421892, vstest.console.dll, MulticastDelegateUtilities.SafeInvoke: SocketServer: ClientConnected: Invoking callback 1/1 for Microsoft.VisualStudio.TestPlatform.CommunicationUtilities.TestRequestSender., took 0 ms.
TpTrace Verbose: 0 : 2096, 13, 2024/02/12, 12:08:00.616, 28294033423562, vstest.console.dll, SocketServer.OnClientConnected: Client connected for endPoint: 127.0.0.1:10925, starting MessageLoopAsync:
TpTrace Verbose: 0 : 2096, 13, 2024/02/12, 12:08:00.616, 28294033426656, vstest.console.dll, TcpClientExtensions.MessageLoopAsync: Polling on remoteEndPoint: 127.0.0.1:10929 localEndPoint: 127.0.0.1:10925
TpTrace Verbose: 0 : 2096, 6, 2024/02/12, 12:08:00.616, 28294033427750, vstest.console.dll, TestRequestSender.CheckVersionWithTestHost: Sending check version message: {"MessageType":"ProtocolVersion","Payload":7}
TpTrace Verbose: 0 : 2096, 13, 2024/02/12, 12:08:00.665, 28294033917589, vstest.console.dll, TcpClientExtensions.MessageLoopAsync: NotifyDataAvailable remoteEndPoint: 127.0.0.1:10929 localEndPoint: 127.0.0.1:10925
TpTrace Verbose: 0 : 2096, 13, 2024/02/12, 12:08:00.665, 28294033919271, vstest.console.dll, TestRequestSender.CheckVersionWithTestHost: onMessageReceived received message: (ProtocolVersion) -> {"MessageType":"ProtocolVersion","Payload":7}
TpTrace Verbose: 0 : 2096, 13, 2024/02/12, 12:08:00.666, 28294033922514, vstest.console.dll, MulticastDelegateUtilities.SafeInvoke: LengthPrefixCommunicationChannel: MessageReceived: Invoking callback 1/1 for Microsoft.VisualStudio.TestPlatform.CommunicationUtilities.TestRequestSender+<>c__DisplayClass29_0., took 0 ms.
TpTrace Verbose: 0 : 2096, 13, 2024/02/12, 12:08:00.666, 28294033922946, vstest.console.dll, TcpClientExtensions.MessageLoopAsync: Polling on remoteEndPoint: 127.0.0.1:10929 localEndPoint: 127.0.0.1:10925
TpTrace Verbose: 0 : 2096, 6, 2024/02/12, 12:08:00.666, 28294033923259, vstest.console.dll, TestPluginCache.GetExtensionPaths: Filtered extension paths: 
TpTrace Verbose: 0 : 2096, 6, 2024/02/12, 12:08:00.666, 28294033923796, vstest.console.dll, TestPluginCache.GetExtensionPaths: Added default extension paths: C:\Program Files\dotnet\sdk\8.0.100\Extensions\Microsoft.Diagnostics.NETCore.Client.dll
C:\Program Files\dotnet\sdk\8.0.100\Extensions\Microsoft.TestPlatform.Extensions.BlameDataCollector.dll
C:\Program Files\dotnet\sdk\8.0.100\Extensions\Microsoft.TestPlatform.Extensions.EventLogCollector.dll
C:\Program Files\dotnet\sdk\8.0.100\Extensions\Microsoft.TestPlatform.TestHostRuntimeProvider.dll
C:\Program Files\dotnet\sdk\8.0.100\Extensions\Microsoft.VisualStudio.TestPlatform.Extensions.Html.TestLogger.dll
C:\Program Files\dotnet\sdk\8.0.100\Extensions\Microsoft.VisualStudio.TestPlatform.Extensions.Trx.TestLogger.dll
TpTrace Verbose: 0 : 2096, 6, 2024/02/12, 12:08:00.666, 28294033923937, vstest.console.dll, TestPluginCache.GetExtensionPaths: Added unfilterableExtensionPaths: 
TpTrace Verbose: 0 : 2096, 6, 2024/02/12, 12:08:00.667, 28294033936864, vstest.console.dll, TestRequestSender.InitializeExecution: Sending initialize execution with message: {"Version":7,"MessageType":"TestExecution.Initialize","Payload":["C:\\Users\\basma\\Desktop\\3 year\\6 semester\\Рефакторинг и работа с унаследованным кодом\\Лабы\\RRUK\\Labs\\Лаба_01\\regressionTesting\\bin\\Debug\\net8.0\\fine-code-coverage\\build-output\\NUnit3.TestAdapter.dll"]}
TpTrace Verbose: 0 : 2096, 6, 2024/02/12, 12:08:00.667, 28294033937663, vstest.console.dll, ParallelProxyExecutionManager.StartTestRunOnConcurrentManager: Execution starting. Started clients: 1
TpTrace Verbose: 0 : 2096, 6, 2024/02/12, 12:08:00.667, 28294033938911, vstest.console.dll, TestRunRequest:SendTestRunMessage: Starting.
TpTrace Verbose: 0 : 2096, 6, 2024/02/12, 12:08:00.667, 28294033939627, vstest.console.dll, MulticastDelegateUtilities.SafeInvoke: TestRun.LogMessages: Invoking callback 1/1 for Microsoft.VisualStudio.TestPlatform.CommandLine.TestRunResultAggregator., took 0 ms.
TpTrace Information: 0 : 2096, 6, 2024/02/12, 12:08:00.667, 28294033939776, vstest.console.dll, TestRunRequest:SendTestRunMessage: Completed.
TpTrace Verbose: 0 : 2096, 5, 2024/02/12, 12:08:00.668, 28294033940978, vstest.console.dll, MulticastDelegateUtilities.SafeInvoke: InternalTestLoggerEvents.SendTestRunMessage: Invoking callback 1/1 for Microsoft.VisualStudio.TestPlatform.CommandLine.Internal.ConsoleLogger., took 0 ms.
TpTrace Warning: 0 : 2096, 6, 2024/02/12, 12:08:00.668, 28294033941718, vstest.console.dll, InferRunSettingsHelper.MakeRunsettingsCompatible: Removing the following settings: TargetPlatform from RunSettings file. To use those settings please move to latest version of Microsoft.NET.Test.Sdk
TpTrace Verbose: 0 : 2096, 13, 2024/02/12, 12:08:00.668, 28294033948345, vstest.console.dll, TcpClientExtensions.MessageLoopAsync: NotifyDataAvailable remoteEndPoint: 127.0.0.1:10929 localEndPoint: 127.0.0.1:10925
TpTrace Verbose: 0 : 2096, 13, 2024/02/12, 12:08:00.669, 28294033951369, vstest.console.dll, TestRequestSender.OnExecutionMessageReceived: Received message: {"Version":7,"MessageType":"TestSession.Message","Payload":{"MessageLevel":0,"Message":"Logging TestHost Diagnostics in file: C:\\Users\\basma\\Desktop\\3 year\\6 semester\\Рефакторинг и работа с унаследованным кодом\\Лабы\\RRUK\\Labs\\Лаба_01\\regressionTesting\\bin\\Debug\\net8.0\\fine-code-coverage\\coverage-tool-output\\diagnostics.host.24-02-12_12-08-00_52241_6.log"}}
TpTrace Verbose: 0 : 2096, 13, 2024/02/12, 12:08:00.670, 28294033961665, vstest.console.dll, TestRunRequest:SendTestRunMessage: Starting.
TpTrace Verbose: 0 : 2096, 13, 2024/02/12, 12:08:00.670, 28294033962128, vstest.console.dll, MulticastDelegateUtilities.SafeInvoke: TestRun.LogMessages: Invoking callback 1/1 for Microsoft.VisualStudio.TestPlatform.CommandLine.TestRunResultAggregator., took 0 ms.
TpTrace Information: 0 : 2096, 13, 2024/02/12, 12:08:00.670, 28294033962249, vstest.console.dll, TestRunRequest:SendTestRunMessage: Completed.
TpTrace Verbose: 0 : 2096, 13, 2024/02/12, 12:08:00.670, 28294033962419, vstest.console.dll, MulticastDelegateUtilities.SafeInvoke: LengthPrefixCommunicationChannel: MessageReceived: Invoking callback 1/1 for Microsoft.VisualStudio.TestPlatform.CommunicationUtilities.TestRequestSender+<>c__DisplayClass34_0., took 1 ms.
TpTrace Verbose: 0 : 2096, 13, 2024/02/12, 12:08:00.670, 28294033962536, vstest.console.dll, TcpClientExtensions.MessageLoopAsync: Polling on remoteEndPoint: 127.0.0.1:10929 localEndPoint: 127.0.0.1:10925
TpTrace Verbose: 0 : 2096, 5, 2024/02/12, 12:08:00.670, 28294033962695, vstest.console.dll, MulticastDelegateUtilities.SafeInvoke: InternalTestLoggerEvents.SendTestRunMessage: Invoking callback 1/1 for Microsoft.VisualStudio.TestPlatform.CommandLine.Internal.ConsoleLogger., took 0 ms.
TpTrace Verbose: 0 : 2096, 6, 2024/02/12, 12:08:00.670, 28294033966617, vstest.console.dll, TestRequestSender.StartTestRun: Sending test run with message: {"Version":7,"MessageType":"TestExecution.StartWithSources","Payload":{"AdapterSourceMap":{"_none_":["C:\\Users\\basma\\Desktop\\3 year\\6 semester\\Рефакторинг и работа с унаследованным кодом\\Лабы\\RRUK\\Labs\\Лаба_01\\regressionTesting\\bin\\Debug\\net8.0\\fine-code-coverage\\build-output\\regressionTesting.dll"]},"RunSettings":"<RunSettings>\r\n  <RunConfiguration>\r\n    <ResultsDirectory>C:\\Users\\basma\\Desktop\\3 year\\6 semester\\Рефакторинг и работа с унаследованным кодом\\Лабы\\RRUK\\Labs\\Лаба_01\\regressionTesting\\bin\\Debug\\net8.0\\fine-code-coverage\\coverage-tool-output</ResultsDirectory>\r\n    <TargetFrameworkVersion>.NETCoreApp,Version=v8.0</TargetFrameworkVersion>\r\n    <DesignMode>False</DesignMode>\r\n    <CollectSourceInformation>False</CollectSourceInformation>\r\n  </RunConfiguration>\r\n  <LoggerRunSettings>\r\n    <Loggers>\r\n      <Logger friendlyName=\"blame\" enabled=\"True\" />\r\n      <Logger friendlyName=\"Console\" uri=\"logger://microsoft/TestPlatform/ConsoleLogger/v1\" assemblyQualifiedName=\"Microsoft.VisualStudio.TestPlatform.CommandLine.Internal.ConsoleLogger, vstest.console, Version=15.0.0.0, Culture=neutral, PublicKeyToken=b03f5f7f11d50a3a\" codeBase=\"C:\\Program Files\\dotnet\\sdk\\8.0.100\\vstest.console.dll\" enabled=\"True\" />\r\n    </Loggers>\r\n  </LoggerRunSettings>\r\n  <DataCollectionRunSettings>\r\n    <DataCollectors>\r\n      <DataCollector friendlyName=\"blame\" enabled=\"True\">\r\n        <Configuration>\r\n          <ResultsDirectory>C:\\Users\\basma\\Desktop\\3 year\\6 semester\\Рефакторинг и работа с унаследованным кодом\\Лабы\\RRUK\\Labs\\Лаба_01\\regressionTesting\\bin\\Debug\\net8.0\\fine-code-coverage\\coverage-tool-output</ResultsDirectory>\r\n        </Configuration>\r\n      </DataCollector>\r\n    </DataCollectors>\r\n  </DataCollectionRunSettings>\r\n</RunSettings>","TestExecutionContext":{"FrequencyOfRunStatsChangeEvent":10,"RunStatsChangeEventTimeout":"00:00:01.5000000","InIsolation":false,"KeepAlive":false,"AreTestCaseLevelEventsRequired":false,"IsDebug":false,"TestCaseFilter":null,"FilterOptions":null},"Package":null}}
TpTrace Verbose: 0 : 2096, 6, 2024/02/12, 12:08:00.670, 28294033967199, vstest.console.dll, ParallelProxyExecutionManager.StartTestRunOnConcurrentManager: Execution started. Started clients: 1
TpTrace Verbose: 0 : 2096, 13, 2024/02/12, 12:08:00.737, 28294034631020, vstest.console.dll, TcpClientExtensions.MessageLoopAsync: NotifyDataAvailable remoteEndPoint: 127.0.0.1:10929 localEndPoint: 127.0.0.1:10925
TpTrace Verbose: 0 : 2096, 13, 2024/02/12, 12:08:00.737, 28294034632056, vstest.console.dll, TestRequestSender.OnExecutionMessageReceived: Received message: {"Version":7,"MessageType":"TestSession.Message","Payload":{"MessageLevel":0,"Message":"NUnit Adapter 4.2.0.0: Test execution started"}}
TpTrace Verbose: 0 : 2096, 13, 2024/02/12, 12:08:00.737, 28294034633240, vstest.console.dll, TestRunRequest:SendTestRunMessage: Starting.
TpTrace Verbose: 0 : 2096, 13, 2024/02/12, 12:08:00.737, 28294034633514, vstest.console.dll, MulticastDelegateUtilities.SafeInvoke: TestRun.LogMessages: Invoking callback 1/1 for Microsoft.VisualStudio.TestPlatform.CommandLine.TestRunResultAggregator., took 0 ms.
TpTrace Information: 0 : 2096, 13, 2024/02/12, 12:08:00.737, 28294034633668, vstest.console.dll, TestRunRequest:SendTestRunMessage: Completed.
TpTrace Verbose: 0 : 2096, 13, 2024/02/12, 12:08:00.737, 28294034633777, vstest.console.dll, MulticastDelegateUtilities.SafeInvoke: LengthPrefixCommunicationChannel: MessageReceived: Invoking callback 1/1 for Microsoft.VisualStudio.TestPlatform.CommunicationUtilities.TestRequestSender+<>c__DisplayClass34_0., took 0 ms.
TpTrace Verbose: 0 : 2096, 13, 2024/02/12, 12:08:00.737, 28294034633898, vstest.console.dll, TcpClientExtensions.MessageLoopAsync: Polling on remoteEndPoint: 127.0.0.1:10929 localEndPoint: 127.0.0.1:10925
TpTrace Verbose: 0 : 2096, 5, 2024/02/12, 12:08:00.737, 28294034634883, vstest.console.dll, MulticastDelegateUtilities.SafeInvoke: InternalTestLoggerEvents.SendTestRunMessage: Invoking callback 1/1 for Microsoft.VisualStudio.TestPlatform.CommandLine.Internal.ConsoleLogger., took 0 ms.
TpTrace Verbose: 0 : 2096, 13, 2024/02/12, 12:08:00.747, 28294034739549, vstest.console.dll, TcpClientExtensions.MessageLoopAsync: NotifyDataAvailable remoteEndPoint: 127.0.0.1:10929 localEndPoint: 127.0.0.1:10925
TpTrace Verbose: 0 : 2096, 13, 2024/02/12, 12:08:00.748, 28294034740214, vstest.console.dll, TestRequestSender.OnExecutionMessageReceived: Received message: {"Version":7,"MessageType":"TestSession.Message","Payload":{"MessageLevel":0,"Message":"Running all tests in C:\\Users\\basma\\Desktop\\3 year\\6 semester\\Рефакторинг и работа с унаследованным кодом\\Лабы\\RRUK\\Labs\\Лаба_01\\regressionTesting\\bin\\Debug\\net8.0\\fine-code-coverage\\build-output\\regressionTesting.dll"}}
TpTrace Verbose: 0 : 2096, 13, 2024/02/12, 12:08:00.748, 28294034740894, vstest.console.dll, TestRunRequest:SendTestRunMessage: Starting.
TpTrace Verbose: 0 : 2096, 13, 2024/02/12, 12:08:00.748, 28294034741100, vstest.console.dll, MulticastDelegateUtilities.SafeInvoke: TestRun.LogMessages: Invoking callback 1/1 for Microsoft.VisualStudio.TestPlatform.CommandLine.TestRunResultAggregator., took 0 ms.
TpTrace Information: 0 : 2096, 13, 2024/02/12, 12:08:00.748, 28294034741203, vstest.console.dll, TestRunRequest:SendTestRunMessage: Completed.
TpTrace Verbose: 0 : 2096, 13, 2024/02/12, 12:08:00.748, 28294034741334, vstest.console.dll, MulticastDelegateUtilities.SafeInvoke: LengthPrefixCommunicationChannel: MessageReceived: Invoking callback 1/1 for Microsoft.VisualStudio.TestPlatform.CommunicationUtilities.TestRequestSender+<>c__DisplayClass34_0., took 0 ms.
TpTrace Verbose: 0 : 2096, 13, 2024/02/12, 12:08:00.748, 28294034741490, vstest.console.dll, TcpClientExtensions.MessageLoopAsync: Polling on remoteEndPoint: 127.0.0.1:10929 localEndPoint: 127.0.0.1:10925
TpTrace Verbose: 0 : 2096, 5, 2024/02/12, 12:08:00.748, 28294034741703, vstest.console.dll, MulticastDelegateUtilities.SafeInvoke: InternalTestLoggerEvents.SendTestRunMessage: Invoking callback 1/1 for Microsoft.VisualStudio.TestPlatform.CommandLine.Internal.ConsoleLogger., took 0 ms.
TpTrace Verbose: 0 : 2096, 13, 2024/02/12, 12:08:00.799, 28294035253951, vstest.console.dll, TcpClientExtensions.MessageLoopAsync: NotifyDataAvailable remoteEndPoint: 127.0.0.1:10929 localEndPoint: 127.0.0.1:10925
TpTrace Verbose: 0 : 2096, 13, 2024/02/12, 12:08:00.799, 28294035254887, vstest.console.dll, TestRequestSender.OnExecutionMessageReceived: Received message: {"Version":7,"MessageType":"TestSession.Message","Payload":{"MessageLevel":0,"Message":"   NUnit3TestExecutor discovered 10 of 10 NUnit test cases using Current Discovery mode, Non-Explicit run"}}
TpTrace Verbose: 0 : 2096, 13, 2024/02/12, 12:08:00.799, 28294035255593, vstest.console.dll, TestRunRequest:SendTestRunMessage: Starting.
TpTrace Verbose: 0 : 2096, 13, 2024/02/12, 12:08:00.799, 28294035255823, vstest.console.dll, MulticastDelegateUtilities.SafeInvoke: TestRun.LogMessages: Invoking callback 1/1 for Microsoft.VisualStudio.TestPlatform.CommandLine.TestRunResultAggregator., took 0 ms.
TpTrace Information: 0 : 2096, 13, 2024/02/12, 12:08:00.799, 28294035255926, vstest.console.dll, TestRunRequest:SendTestRunMessage: Completed.
TpTrace Verbose: 0 : 2096, 13, 2024/02/12, 12:08:00.799, 28294035256032, vstest.console.dll, MulticastDelegateUtilities.SafeInvoke: LengthPrefixCommunicationChannel: MessageReceived: Invoking callback 1/1 for Microsoft.VisualStudio.TestPlatform.CommunicationUtilities.TestRequestSender+<>c__DisplayClass34_0., took 0 ms.
TpTrace Verbose: 0 : 2096, 13, 2024/02/12, 12:08:00.799, 28294035256176, vstest.console.dll, TcpClientExtensions.MessageLoopAsync: Polling on remoteEndPoint: 127.0.0.1:10929 localEndPoint: 127.0.0.1:10925
TpTrace Verbose: 0 : 2096, 5, 2024/02/12, 12:08:00.799, 28294035256473, vstest.console.dll, MulticastDelegateUtilities.SafeInvoke: InternalTestLoggerEvents.SendTestRunMessage: Invoking callback 1/1 for Microsoft.VisualStudio.TestPlatform.CommandLine.Internal.ConsoleLogger., took 0 ms.
TpTrace Verbose: 0 : 2096, 13, 2024/02/12, 12:08:00.863, 28294035894271, vstest.console.dll, TcpClientExtensions.MessageLoopAsync: NotifyDataAvailable remoteEndPoint: 127.0.0.1:10929 localEndPoint: 127.0.0.1:10925
TpTrace Verbose: 0 : 2096, 13, 2024/02/12, 12:08:00.863, 28294035896320, vstest.console.dll, TestRequestSender.OnExecutionMessageReceived: Received message: {"Version":7,"MessageType":"TestExecution.StatsChange","Payload":{"NewTestResults":[{"TestCase":{"Id":"4cc7d88d-092f-f889-be10-5de0a64c3e6e","FullyQualifiedName":"regressionTesting.Tests.test1","DisplayName":"test1","ExecutorUri":"executor://NUnit3TestExecutor","Source":"C:\\Users\\basma\\Desktop\\3 year\\6 semester\\Рефакторинг и работа с унаследованным кодом\\Лабы\\RRUK\\Labs\\Лаба_01\\regressionTesting\\bin\\Debug\\net8.0\\fine-code-coverage\\build-output\\regressionTesting.dll","CodeFilePath":null,"LineNumber":0,"Properties":[{"Key":{"Id":"NUnit.Seed","Label":"Seed","Category":"","Description":"","Attributes":0,"ValueType":"System.String"},"Value":"2052841267"}]},"Attachments":[],"Outcome":1,"ErrorMessage":null,"ErrorStackTrace":null,"DisplayName":"test1","Messages":[],"ComputerName":"NASSIF107","Duration":"00:00:00.0054530","StartTime":"2024-02-12T09:08:00.8114109+00:00","EndTime":"2024-02-12T09:08:00.8168332+00:00","Properties":[{"Key":{"Id":"NUnit.Seed","Label":"Seed","Category":"","Description":"","Attributes":0,"ValueType":"System.String"},"Value":"2052841267"}]},{"TestCase":{"Id":"274cb0a6-3a27-de89-bc8b-dbeb1e6d8317","FullyQualifiedName":"regressionTesting.Tests.test10","DisplayName":"test10","ExecutorUri":"executor://NUnit3TestExecutor","Source":"C:\\Users\\basma\\Desktop\\3 year\\6 semester\\Рефакторинг и работа с унаследованным кодом\\Лабы\\RRUK\\Labs\\Лаба_01\\regressionTesting\\bin\\Debug\\net8.0\\fine-code-coverage\\build-output\\regressionTesting.dll","CodeFilePath":null,"LineNumber":0,"Properties":[{"Key":{"Id":"NUnit.Seed","Label":"Seed","Category":"","Description":"","Attributes":0,"ValueType":"System.String"},"Value":"1952523847"}]},"Attachments":[],"Outcome":1,"ErrorMessage":null,"ErrorStackTrace":null,"DisplayName":"test10","Messages":[],"ComputerName":"NASSIF107","Duration":"00:00:00.0004170","StartTime":"2024-02-12T09:08:00.8177239+00:00","EndTime":"2024-02-12T09:08:00.8181404+00:00","Properties":[{"Key":{"Id":"NUnit.Seed","Label":"Seed","Category":"","Description":"","Attributes":0,"ValueType":"System.String"},"Value":"1952523847"}]},{"TestCase":{"Id":"b2c1b818-7821-9fcb-b594-e71205ffd64b","FullyQualifiedName":"regressionTesting.Tests.test2","DisplayName":"test2","ExecutorUri":"executor://NUnit3TestExecutor","Source":"C:\\Users\\basma\\Desktop\\3 year\\6 semester\\Рефакторинг и работа с унаследованным кодом\\Лабы\\RRUK\\Labs\\Лаба_01\\regressionTesting\\bin\\Debug\\net8.0\\fine-code-coverage\\build-output\\regressionTesting.dll","CodeFilePath":null,"LineNumber":0,"Properties":[{"Key":{"Id":"NUnit.Seed","Label":"Seed","Category":"","Description":"","Attributes":0,"ValueType":"System.String"},"Value":"1398307749"}]},"Attachments":[],"Outcome":1,"ErrorMessage":null,"ErrorStackTrace":null,"DisplayName":"test2","Messages":[],"ComputerName":"NASSIF107","Duration":"00:00:00.0000760","StartTime":"2024-02-12T09:08:00.8181526+00:00","EndTime":"2024-02-12T09:08:00.8182289+00:00","Properties":[{"Key":{"Id":"NUnit.Seed","Label":"Seed","Category":"","Description":"","Attributes":0,"ValueType":"System.String"},"Value":"1398307749"}]},{"TestCase":{"Id":"0ad7ae7e-e1ae-4c89-f46f-df65a83d077f","FullyQualifiedName":"regressionTesting.Tests.test3","DisplayName":"test3","ExecutorUri":"executor://NUnit3TestExecutor","Source":"C:\\Users\\basma\\Desktop\\3 year\\6 semester\\Рефакторинг и работа с унаследованным кодом\\Лабы\\RRUK\\Labs\\Лаба_01\\regressionTesting\\bin\\Debug\\net8.0\\fine-code-coverage\\build-output\\regressionTesting.dll","CodeFilePath":null,"LineNumber":0,"Properties":[{"Key":{"Id":"NUnit.Seed","Label":"Seed","Category":"","Description":"","Attributes":0,"ValueType":"System.String"},"Value":"2140526053"}]},"Attachments":[],"Outcome":1,"ErrorMessage":null,"ErrorStackTrace":null,"DisplayName":"test3","Messages":[],"ComputerName":"NASSIF107","Duration":"00:00:00.0000600","StartTime":"2024-02-12T09:08:00.818233+00:00","EndTime":"2024-02-12T09:08:00.8182933+00:00","Properties":[{"Key":{"Id":"NUnit.Seed","Label":"Seed","Category":"","Description":"","Attributes":0,"ValueType":"System.String"},"Value":"2140526053"}]},{"TestCase":{"Id":"a6d5d79c-a4bd-63c1-b33e-41c9947e5a7e","FullyQualifiedName":"regressionTesting.Tests.test4","DisplayName":"test4","ExecutorUri":"executor://NUnit3TestExecutor","Source":"C:\\Users\\basma\\Desktop\\3 year\\6 semester\\Рефакторинг и работа с унаследованным кодом\\Лабы\\RRUK\\Labs\\Лаба_01\\regressionTesting\\bin\\Debug\\net8.0\\fine-code-coverage\\build-output\\regressionTesting.dll","CodeFilePath":null,"LineNumber":0,"Properties":[{"Key":{"Id":"NUnit.Seed","Label":"Seed","Category":"","Description":"","Attributes":0,"ValueType":"System.String"},"Value":"1405687981"}]},"Attachments":[],"Outcome":1,"ErrorMessage":null,"ErrorStackTrace":null,"DisplayName":"test4","Messages":[],"ComputerName":"NASSIF107","Duration":"00:00:00.0000480","StartTime":"2024-02-12T09:08:00.818296+00:00","EndTime":"2024-02-12T09:08:00.8183443+00:00","Properties":[{"Key":{"Id":"NUnit.Seed","Label":"Seed","Category":"","Description":"","Attributes":0,"ValueType":"System.String"},"Value":"1405687981"}]},{"TestCase":{"Id":"33dc2aa8-3368-4b75-ce30-3fdd69c26b54","FullyQualifiedName":"regressionTesting.Tests.test5","DisplayName":"test5","ExecutorUri":"executor://NUnit3TestExecutor","Source":"C:\\Users\\basma\\Desktop\\3 year\\6 semester\\Рефакторинг и работа с унаследованным кодом\\Лабы\\RRUK\\Labs\\Лаба_01\\regressionTesting\\bin\\Debug\\net8.0\\fine-code-coverage\\build-output\\regressionTesting.dll","CodeFilePath":null,"LineNumber":0,"Properties":[{"Key":{"Id":"NUnit.Seed","Label":"Seed","Category":"","Description":"","Attributes":0,"ValueType":"System.String"},"Value":"873462169"}]},"Attachments":[],"Outcome":1,"ErrorMessage":null,"ErrorStackTrace":null,"DisplayName":"test5","Messages":[],"ComputerName":"NASSIF107","Duration":"00:00:00.0000410","StartTime":"2024-02-12T09:08:00.8183464+00:00","EndTime":"2024-02-12T09:08:00.8183869+00:00","Properties":[{"Key":{"Id":"NUnit.Seed","Label":"Seed","Category":"","Description":"","Attributes":0,"ValueType":"System.String"},"Value":"873462169"}]},{"TestCase":{"Id":"e948ded7-6222-24a4-eca6-80e8b308bccf","FullyQualifiedName":"regressionTesting.Tests.test6","DisplayName":"test6","ExecutorUri":"executor://NUnit3TestExecutor","Source":"C:\\Users\\basma\\Desktop\\3 year\\6 semester\\Рефакторинг и работа с унаследованным кодом\\Лабы\\RRUK\\Labs\\Лаба_01\\regressionTesting\\bin\\Debug\\net8.0\\fine-code-coverage\\build-output\\regressionTesting.dll","CodeFilePath":null,"LineNumber":0,"Properties":[{"Key":{"Id":"NUnit.Seed","Label":"Seed","Category":"","Description":"","Attributes":0,"ValueType":"System.String"},"Value":"802284579"}]},"Attachments":[],"Outcome":1,"ErrorMessage":null,"ErrorStackTrace":null,"DisplayName":"test6","Messages":[],"ComputerName":"NASSIF107","Duration":"00:00:00.0000370","StartTime":"2024-02-12T09:08:00.8183889+00:00","EndTime":"2024-02-12T09:08:00.8184253+00:00","Properties":[{"Key":{"Id":"NUnit.Seed","Label":"Seed","Category":"","Description":"","Attributes":0,"ValueType":"System.String"},"Value":"802284579"}]},{"TestCase":{"Id":"4333c868-df3e-3fd2-0234-368a6455cc0e","FullyQualifiedName":"regressionTesting.Tests.test7","DisplayName":"test7","ExecutorUri":"executor://NUnit3TestExecutor","Source":"C:\\Users\\basma\\Desktop\\3 year\\6 semester\\Рефакторинг и работа с унаследованным кодом\\Лабы\\RRUK\\Labs\\Лаба_01\\regressionTesting\\bin\\Debug\\net8.0\\fine-code-coverage\\build-output\\regressionTesting.dll","CodeFilePath":null,"LineNumber":0,"Properties":[{"Key":{"Id":"NUnit.Seed","Label":"Seed","Category":"","Description":"","Attributes":0,"ValueType":"System.String"},"Value":"6513475"}]},"Attachments":[],"Outcome":1,"ErrorMessage":null,"ErrorStackTrace":null,"DisplayName":"test7","Messages":[],"ComputerName":"NASSIF107","Duration":"00:00:00.0000810","StartTime":"2024-02-12T09:08:00.8184272+00:00","EndTime":"2024-02-12T09:08:00.8185076+00:00","Properties":[{"Key":{"Id":"NUnit.Seed","Label":"Seed","Category":"","Description":"","Attributes":0,"ValueType":"System.String"},"Value":"6513475"}]},{"TestCase":{"Id":"f867e2f8-2d4b-ec2b-422c-b1cf73b16ab9","FullyQualifiedName":"regressionTesting.Tests.test8","DisplayName":"test8","ExecutorUri":"executor://NUnit3TestExecutor","Source":"C:\\Users\\basma\\Desktop\\3 year\\6 semester\\Рефакторинг и работа с унаследованным кодом\\Лабы\\RRUK\\Labs\\Лаба_01\\regressionTesting\\bin\\Debug\\net8.0\\fine-code-coverage\\build-output\\regressionTesting.dll","CodeFilePath":null,"LineNumber":0,"Properties":[{"Key":{"Id":"NUnit.Seed","Label":"Seed","Category":"","Description":"","Attributes":0,"ValueType":"System.String"},"Value":"1351768482"}]},"Attachments":[],"Outcome":1,"ErrorMessage":null,"ErrorStackTrace":null,"DisplayName":"test8","Messages":[],"ComputerName":"NASSIF107","Duration":"00:00:00.0000860","StartTime":"2024-02-12T09:08:00.8185163+00:00","EndTime":"2024-02-12T09:08:00.8186017+00:00","Properties":[{"Key":{"Id":"NUnit.Seed","Label":"Seed","Category":"","Description":"","Attributes":0,"ValueType":"System.String"},"Value":"1351768482"}]}],"TestRunStatistics":{"ExecutedTests":9,"Stats":{"Passed":9}},"ActiveTests":[{"Id":"ff393b6a-d684-01fb-f1e2-83f8870e3924","FullyQualifiedName":"regressionTesting.Tests.test9","DisplayName":"test9","ExecutorUri":"executor://NUnit3TestExecutor","Source":"C:\\Users\\basma\\Desktop\\3 year\\6 semester\\Рефакторинг и работа с унаследованным кодом\\Лабы\\RRUK\\Labs\\Лаба_01\\regressionTesting\\bin\\Debug\\net8.0\\fine-code-coverage\\build-output\\regressionTesting.dll","CodeFilePath":null,"LineNumber":0,"Properties":[{"Key":{"Id":"NUnit.Seed","Label":"Seed","Category":"","Description":"","Attributes":0,"ValueType":"System.String"},"Value":"96330191"}]}]}}
TpTrace Verbose: 0 : 2096, 13, 2024/02/12, 12:08:00.874, 28294036008132, vstest.console.dll, TestRunRequest:SendTestRunStatsChange: Starting.
TpTrace Verbose: 0 : 2096, 13, 2024/02/12, 12:08:00.874, 28294036009077, vstest.console.dll, InProgress is test9
TpTrace Verbose: 0 : 2096, 13, 2024/02/12, 12:08:00.875, 28294036010111, vstest.console.dll, MulticastDelegateUtilities.SafeInvoke: TestRun.RunStatsChanged: Invoking callbacks was skipped because there are no subscribers.
TpTrace Information: 0 : 2096, 13, 2024/02/12, 12:08:00.875, 28294036010254, vstest.console.dll, TestRunRequest:SendTestRunStatsChange: Completed.
TpTrace Verbose: 0 : 2096, 13, 2024/02/12, 12:08:00.875, 28294036010376, vstest.console.dll, MulticastDelegateUtilities.SafeInvoke: LengthPrefixCommunicationChannel: MessageReceived: Invoking callback 1/1 for Microsoft.VisualStudio.TestPlatform.CommunicationUtilities.TestRequestSender+<>c__DisplayClass34_0., took 11 ms.
TpTrace Verbose: 0 : 2096, 13, 2024/02/12, 12:08:00.875, 28294036010537, vstest.console.dll, TcpClientExtensions.MessageLoopAsync: Polling on remoteEndPoint: 127.0.0.1:10929 localEndPoint: 127.0.0.1:10925
TpTrace Verbose: 0 : 2096, 13, 2024/02/12, 12:08:00.875, 28294036010748, vstest.console.dll, TcpClientExtensions.MessageLoopAsync: NotifyDataAvailable remoteEndPoint: 127.0.0.1:10929 localEndPoint: 127.0.0.1:10925
TpTrace Verbose: 0 : 2096, 13, 2024/02/12, 12:08:00.875, 28294036011023, vstest.console.dll, TestRequestSender.OnExecutionMessageReceived: Received message: {"Version":7,"MessageType":"TestSession.Message","Payload":{"MessageLevel":0,"Message":"NUnit Adapter 4.2.0.0: Test execution complete"}}
TpTrace Verbose: 0 : 2096, 13, 2024/02/12, 12:08:00.875, 28294036011410, vstest.console.dll, TestRunRequest:SendTestRunMessage: Starting.
TpTrace Verbose: 0 : 2096, 13, 2024/02/12, 12:08:00.875, 28294036011559, vstest.console.dll, MulticastDelegateUtilities.SafeInvoke: TestRun.LogMessages: Invoking callback 1/1 for Microsoft.VisualStudio.TestPlatform.CommandLine.TestRunResultAggregator., took 0 ms.
TpTrace Information: 0 : 2096, 13, 2024/02/12, 12:08:00.875, 28294036011654, vstest.console.dll, TestRunRequest:SendTestRunMessage: Completed.
TpTrace Verbose: 0 : 2096, 13, 2024/02/12, 12:08:00.875, 28294036011751, vstest.console.dll, MulticastDelegateUtilities.SafeInvoke: LengthPrefixCommunicationChannel: MessageReceived: Invoking callback 1/1 for Microsoft.VisualStudio.TestPlatform.CommunicationUtilities.TestRequestSender+<>c__DisplayClass34_0., took 0 ms.
TpTrace Verbose: 0 : 2096, 13, 2024/02/12, 12:08:00.875, 28294036011852, vstest.console.dll, TcpClientExtensions.MessageLoopAsync: Polling on remoteEndPoint: 127.0.0.1:10929 localEndPoint: 127.0.0.1:10925
TpTrace Verbose: 0 : 2096, 5, 2024/02/12, 12:08:00.876, 28294036021036, vstest.console.dll, MulticastDelegateUtilities.SafeInvoke: InternalTestLoggerEvents.SendTestResult: Invoking callback 1/1 for Microsoft.VisualStudio.TestPlatform.CommandLine.Internal.ConsoleLogger., took 1 ms.
TpTrace Verbose: 0 : 2096, 5, 2024/02/12, 12:08:00.876, 28294036022349, vstest.console.dll, MulticastDelegateUtilities.SafeInvoke: InternalTestLoggerEvents.SendTestResult: Invoking callback 1/1 for Microsoft.VisualStudio.TestPlatform.CommandLine.Internal.ConsoleLogger., took 0 ms.
TpTrace Verbose: 0 : 2096, 5, 2024/02/12, 12:08:00.876, 28294036022672, vstest.console.dll, MulticastDelegateUtilities.SafeInvoke: InternalTestLoggerEvents.SendTestResult: Invoking callback 1/1 for Microsoft.VisualStudio.TestPlatform.CommandLine.Internal.ConsoleLogger., took 0 ms.
TpTrace Verbose: 0 : 2096, 5, 2024/02/12, 12:08:00.876, 28294036022801, vstest.console.dll, MulticastDelegateUtilities.SafeInvoke: InternalTestLoggerEvents.SendTestResult: Invoking callback 1/1 for Microsoft.VisualStudio.TestPlatform.CommandLine.Internal.ConsoleLogger., took 0 ms.
TpTrace Verbose: 0 : 2096, 5, 2024/02/12, 12:08:00.876, 28294036022913, vstest.console.dll, MulticastDelegateUtilities.SafeInvoke: InternalTestLoggerEvents.SendTestResult: Invoking callback 1/1 for Microsoft.VisualStudio.TestPlatform.CommandLine.Internal.ConsoleLogger., took 0 ms.
TpTrace Verbose: 0 : 2096, 5, 2024/02/12, 12:08:00.876, 28294036023054, vstest.console.dll, MulticastDelegateUtilities.SafeInvoke: InternalTestLoggerEvents.SendTestResult: Invoking callback 1/1 for Microsoft.VisualStudio.TestPlatform.CommandLine.Internal.ConsoleLogger., took 0 ms.
TpTrace Verbose: 0 : 2096, 5, 2024/02/12, 12:08:00.876, 28294036023167, vstest.console.dll, MulticastDelegateUtilities.SafeInvoke: InternalTestLoggerEvents.SendTestResult: Invoking callback 1/1 for Microsoft.VisualStudio.TestPlatform.CommandLine.Internal.ConsoleLogger., took 0 ms.
TpTrace Verbose: 0 : 2096, 5, 2024/02/12, 12:08:00.876, 28294036023278, vstest.console.dll, MulticastDelegateUtilities.SafeInvoke: InternalTestLoggerEvents.SendTestResult: Invoking callback 1/1 for Microsoft.VisualStudio.TestPlatform.CommandLine.Internal.ConsoleLogger., took 0 ms.
TpTrace Verbose: 0 : 2096, 5, 2024/02/12, 12:08:00.876, 28294036023415, vstest.console.dll, MulticastDelegateUtilities.SafeInvoke: InternalTestLoggerEvents.SendTestResult: Invoking callback 1/1 for Microsoft.VisualStudio.TestPlatform.CommandLine.Internal.ConsoleLogger., took 0 ms.
TpTrace Verbose: 0 : 2096, 5, 2024/02/12, 12:08:00.876, 28294036023535, vstest.console.dll, MulticastDelegateUtilities.SafeInvoke: InternalTestLoggerEvents.SendTestRunMessage: Invoking callback 1/1 for Microsoft.VisualStudio.TestPlatform.CommandLine.Internal.ConsoleLogger., took 0 ms.
TpTrace Verbose: 0 : 2096, 13, 2024/02/12, 12:08:00.876, 28294036026883, vstest.console.dll, TcpClientExtensions.MessageLoopAsync: NotifyDataAvailable remoteEndPoint: 127.0.0.1:10929 localEndPoint: 127.0.0.1:10925
TpTrace Verbose: 0 : 2096, 13, 2024/02/12, 12:08:00.876, 28294036027206, vstest.console.dll, TestRequestSender.OnExecutionMessageReceived: Received message: {"Version":7,"MessageType":"TestExecution.Completed","Payload":{"TestRunCompleteArgs":{"TestRunStatistics":{"ExecutedTests":10,"Stats":{"Passed":10}},"IsCanceled":false,"IsAborted":false,"Error":null,"AttachmentSets":[],"InvokedDataCollectors":[],"ElapsedTimeInRunningTests":"00:00:00.1407368","Metrics":{},"DiscoveredExtensions":{"TestDiscoverers":["NUnit.VisualStudio.TestAdapter.NUnit3TestDiscoverer, NUnit3.TestAdapter, Version=4.2.0.0, Culture=neutral, PublicKeyToken=4cb40d35494691ac"],"TestExecutors":["executor://NUnit3TestExecutor"],"TestExecutors2":[],"TestSettingsProviders":[]}},"LastRunTests":{"NewTestResults":[{"TestCase":{"Id":"ff393b6a-d684-01fb-f1e2-83f8870e3924","FullyQualifiedName":"regressionTesting.Tests.test9","DisplayName":"test9","ExecutorUri":"executor://NUnit3TestExecutor","Source":"C:\\Users\\basma\\Desktop\\3 year\\6 semester\\Рефакторинг и работа с унаследованным кодом\\Лабы\\RRUK\\Labs\\Лаба_01\\regressionTesting\\bin\\Debug\\net8.0\\fine-code-coverage\\build-output\\regressionTesting.dll","CodeFilePath":null,"LineNumber":0,"Properties":[{"Key":{"Id":"NUnit.Seed","Label":"Seed","Category":"","Description":"","Attributes":0,"ValueType":"System.String"},"Value":"96330191"}]},"Attachments":[],"Outcome":1,"ErrorMessage":null,"ErrorStackTrace":null,"DisplayName":"test9","Messages":[],"ComputerName":"NASSIF107","Duration":"00:00:00.0000560","StartTime":"2024-02-12T09:08:00.8186057+00:00","EndTime":"2024-02-12T09:08:00.8186612+00:00","Properties":[{"Key":{"Id":"NUnit.Seed","Label":"Seed","Category":"","Description":"","Attributes":0,"ValueType":"System.String"},"Value":"96330191"}]}],"TestRunStatistics":{"ExecutedTests":10,"Stats":{"Passed":10}},"ActiveTests":[]},"RunAttachments":[],"ExecutorUris":["executor://nunit3testexecutor/"]}}
TpTrace Verbose: 0 : 2096, 13, 2024/02/12, 12:08:00.876, 28294036027539, vstest.console.dll, TestRequestSender.EndSession: Sending end session.
TpTrace Verbose: 0 : 2096, 13, 2024/02/12, 12:08:00.876, 28294036028136, vstest.console.dll, ProxyOperationManager.Close: waiting for test host to exit for 100 ms
TpTrace Verbose: 0 : 2096, 8, 2024/02/12, 12:08:00.907, 28294036330985, vstest.console.dll, TestHostManagerCallbacks.ctor: Experimental forwarding output is disabled.
TpTrace Warning: 0 : 2096, 8, 2024/02/12, 12:08:00.907, 28294036331914, vstest.console.dll, TestHostManagerCallbacks.ErrorReceivedCallback Test host standard error line: 
TpTrace Verbose: 0 : 2096, 8, 2024/02/12, 12:08:00.913, 28294036391191, vstest.console.dll, TestHostProvider.ExitCallBack: Host exited starting callback.
TpTrace Information: 0 : 2096, 8, 2024/02/12, 12:08:00.913, 28294036391990, vstest.console.dll, TestHostManagerCallbacks.ExitCallBack: Testhost processId: 18700 exited with exitcode: 0 error: ''
TpTrace Verbose: 0 : 2096, 8, 2024/02/12, 12:08:00.913, 28294036392192, vstest.console.dll, DotnetTestHostManager.OnHostExited: invoking OnHostExited callback
TpTrace Verbose: 0 : 2096, 8, 2024/02/12, 12:08:00.913, 28294036392451, vstest.console.dll, CrossPlatEngine.TestHostManagerHostExited: calling on client process exit callback.
TpTrace Information: 0 : 2096, 8, 2024/02/12, 12:08:00.913, 28294036392688, vstest.console.dll, TestRequestSender.OnClientProcessExit: Test host process exited. Standard error: 
TpTrace Information: 0 : 2096, 8, 2024/02/12, 12:08:00.913, 28294036392825, vstest.console.dll, SocketServer.Stop: Stop server endPoint: 127.0.0.1:10925
TpTrace Information: 0 : 2096, 13, 2024/02/12, 12:08:00.913, 28294036392850, vstest.console.dll, SocketServer.Stop: Stop server endPoint: 127.0.0.1:10925
TpTrace Information: 0 : 2096, 13, 2024/02/12, 12:08:00.913, 28294036393141, vstest.console.dll, SocketServer.Stop: Cancellation requested. Stopping message loop.
TpTrace Information: 0 : 2096, 8, 2024/02/12, 12:08:00.913, 28294036393149, vstest.console.dll, SocketServer.Stop: Cancellation requested. Stopping message loop.
TpTrace Verbose: 0 : 2096, 8, 2024/02/12, 12:08:00.913, 28294036393396, vstest.console.dll, MulticastDelegateUtilities.SafeInvoke: HostProviderEvents.OnHostExited: Invoking callback 1/1 for Microsoft.VisualStudio.TestPlatform.CrossPlatEngine.Client.ProxyOperationManager., took 0 ms.
TpTrace Information: 0 : 2096, 13, 2024/02/12, 12:08:00.913, 28294036393627, vstest.console.dll, Closing the connection
TpTrace Verbose: 0 : 2096, 13, 2024/02/12, 12:08:00.913, 28294036394633, vstest.console.dll, ProxyDataCollectionManager.InvokeDataCollectionServiceAction: Starting.
TpTrace Information: 0 : 2096, 13, 2024/02/12, 12:08:00.913, 28294036394778, vstest.console.dll, ProxyDataCollectionManager.AfterTestRunEnd: Get attachment set and invoked data collectors processId: 22320 port: 10922
TpTrace Verbose: 0 : 2096, 13, 2024/02/12, 12:08:00.913, 28294036394970, vstest.console.dll, DataCollectionRequestSender.SendAfterTestRunStartAndGetResult: Send AfterTestRunEnd message with isCancelled: False
TpTrace Verbose: 0 : 2096, 13, 2024/02/12, 12:08:00.916, 28294036426337, vstest.console.dll, DataCollectionRequestSender.SendAfterTestRunStartAndGetResult: Received message: (DataCollection.AfterTestRunEndResult) -> {"MessageType":"DataCollection.AfterTestRunEndResult","Payload":{"AttachmentSets":[],"InvokedDataCollectors":[{"Uri":"datacollector://Microsoft/TestPlatform/Extensions/Blame/v1","FriendlyName":"Blame","AssemblyQualifiedName":"Microsoft.TestPlatform.Extensions.BlameDataCollector.BlameCollector, Microsoft.TestPlatform.Extensions.BlameDataCollector, Version=15.0.0.0, Culture=neutral, PublicKeyToken=b03f5f7f11d50a3a","FilePath":"C:\\Program Files\\dotnet\\sdk\\8.0.100\\Extensions\\Microsoft.TestPlatform.Extensions.BlameDataCollector.dll","HasAttachmentProcessor":false}],"Metrics":{}}}
TpTrace Information: 0 : 2096, 13, 2024/02/12, 12:08:00.919, 28294036450747, vstest.console.dll, ProxyDataCollectionManager.InvokeDataCollectionServiceAction: Completed.
TpTrace Warning: 0 : 2096, 12, 2024/02/12, 12:08:00.931, 28294036570949, vstest.console.dll, DataCollectionLauncher.ErrorReceivedCallback datacollector standard error line: 
TpTrace Verbose: 0 : 2096, 13, 2024/02/12, 12:08:00.933, 28294036595448, vstest.console.dll, TestRunRequest:SendTestRunStatsChange: Starting.
TpTrace Verbose: 0 : 2096, 13, 2024/02/12, 12:08:00.933, 28294036596070, vstest.console.dll, MulticastDelegateUtilities.SafeInvoke: TestRun.RunStatsChanged: Invoking callbacks was skipped because there are no subscribers.
TpTrace Information: 0 : 2096, 13, 2024/02/12, 12:08:00.933, 28294036596194, vstest.console.dll, TestRunRequest:SendTestRunStatsChange: Completed.
TpTrace Verbose: 0 : 2096, 13, 2024/02/12, 12:08:00.933, 28294036597772, vstest.console.dll, ParallelProxyExecutionManager: HandlePartialRunComplete: Total workloads = 1, Total started clients = 1 Total completed clients = 1, Run complete = True, Run canceled: False.
TpTrace Verbose: 0 : 2096, 13, 2024/02/12, 12:08:00.933, 28294036597919, vstest.console.dll, ParallelProxyExecutionManager: HandlePartialRunComplete: All runs completed stopping all managers.
TpTrace Verbose: 0 : 2096, 13, 2024/02/12, 12:08:00.933, 28294036598059, vstest.console.dll, ParallelOperationManager.StopAllManagers: Stopping all managers.
TpTrace Verbose: 0 : 2096, 13, 2024/02/12, 12:08:00.933, 28294036598168, vstest.console.dll, ParallelOperationManager.ClearSlots: Clearing all slots. Slots should accept more work: False
TpTrace Verbose: 0 : 2096, 13, 2024/02/12, 12:08:00.933, 28294036598316, vstest.console.dll, ParallelOperationManager.SetOccupiedSlotCount: Setting slot counts AvailableSlotCount = 1, OccupiedSlotCount = 0.
TpTrace Verbose: 0 : 2096, 13, 2024/02/12, 12:08:00.933, 28294036598442, vstest.console.dll, Occupied slots:

TpTrace Verbose: 0 : 2096, 5, 2024/02/12, 12:08:00.934, 28294036603134, vstest.console.dll, MulticastDelegateUtilities.SafeInvoke: InternalTestLoggerEvents.SendTestResult: Invoking callback 1/1 for Microsoft.VisualStudio.TestPlatform.CommandLine.Internal.ConsoleLogger., took 0 ms.
TpTrace Information: 0 : 2096, 12, 2024/02/12, 12:08:00.936, 28294036626403, vstest.console.dll, DataCollectionLauncher.ExitCallBack: Data collector exited with exitcode: 0 error: ''
TpTrace Verbose: 0 : 2096, 5, 2024/02/12, 12:08:00.937, 28294036637467, vstest.console.dll, MulticastDelegateUtilities.SafeInvoke: InternalTestLoggerEvents.SendTestRunComplete: Invoking callback 1/2 for Microsoft.TestPlatform.Extensions.BlameDataCollector.BlameLogger., took 0 ms.
TpTrace Verbose: 0 : 2096, 5, 2024/02/12, 12:08:00.941, 28294036671432, vstest.console.dll, MulticastDelegateUtilities.SafeInvoke: InternalTestLoggerEvents.SendTestRunComplete: Invoking callback 2/2 for Microsoft.VisualStudio.TestPlatform.CommandLine.Internal.ConsoleLogger., took 3 ms.
TpTrace Verbose: 0 : 2096, 13, 2024/02/12, 12:08:00.941, 28294036674019, vstest.console.dll, TestRunRequest:TestRunComplete: Starting. IsAborted:False IsCanceled:False.
TpTrace Verbose: 0 : 2096, 13, 2024/02/12, 12:08:00.941, 28294036675818, vstest.console.dll, ParallelOperationManager.DoActionOnAllManagers: Calling an action on all managers.
TpTrace Verbose: 0 : 2096, 13, 2024/02/12, 12:08:00.942, 28294036681134, vstest.console.dll, TestLoggerManager.HandleTestRunComplete: Ignoring as the object is disposed.
TpTrace Verbose: 0 : 2096, 13, 2024/02/12, 12:08:00.942, 28294036682103, vstest.console.dll, MulticastDelegateUtilities.SafeInvoke: TestRun.TestRunComplete: Invoking callback 1/2 for Microsoft.VisualStudio.TestPlatform.CommandLine.TestRunResultAggregator., took 0 ms.
TpTrace Verbose: 0 : 2096, 13, 2024/02/12, 12:08:00.942, 28294036682666, vstest.console.dll, MulticastDelegateUtilities.SafeInvoke: TestRun.TestRunComplete: Invoking callback 2/2 for Microsoft.VisualStudio.TestPlatform.CommandLine.Processors.RunTestsArgumentExecutor+TestRunRequestEventsRegistrar., took 0 ms.
TpTrace Information: 0 : 2096, 13, 2024/02/12, 12:08:00.942, 28294036683057, vstest.console.dll, TestRunRequest:TestRunComplete: Completed.
TpTrace Verbose: 0 : 2096, 13, 2024/02/12, 12:08:00.942, 28294036683204, vstest.console.dll, TestRequestSender.SetOperationComplete: Setting operation complete.
TpTrace Verbose: 0 : 2096, 1, 2024/02/12, 12:08:00.942, 28294036683244, vstest.console.dll, TestRunRequest.Dispose: Starting.
TpTrace Information: 0 : 2096, 1, 2024/02/12, 12:08:00.942, 28294036683630, vstest.console.dll, TestRunRequest.Dispose: Completed.
TpTrace Information: 0 : 2096, 1, 2024/02/12, 12:08:00.942, 28294036683834, vstest.console.dll, TestRequestManager.RunTests: run tests completed.
TpTrace Information: 0 : 2096, 1, 2024/02/12, 12:08:00.942, 28294036684202, vstest.console.dll, RunTestsArgumentProcessor:Execute: Test run is completed.
TpTrace Information: 0 : 2096, 13, 2024/02/12, 12:08:00.942, 28294036684732, vstest.console.dll, SocketServer.Stop: Stop server endPoint: 127.0.0.1:10925
TpTrace Information: 0 : 2096, 13, 2024/02/12, 12:08:00.942, 28294036684832, vstest.console.dll, SocketServer.Stop: Cancellation requested. Stopping message loop.
TpTrace Verbose: 0 : 2096, 13, 2024/02/12, 12:08:00.942, 28294036684969, vstest.console.dll, MulticastDelegateUtilities.SafeInvoke: LengthPrefixCommunicationChannel: MessageReceived: Invoking callback 1/1 for Microsoft.VisualStudio.TestPlatform.CommunicationUtilities.TestRequestSender+<>c__DisplayClass34_0., took 65 ms.
TpTrace Information: 0 : 2096, 13, 2024/02/12, 12:08:00.942, 28294036685119, vstest.console.dll, SocketServer.PrivateStop: Stopping server endPoint: 127.0.0.1:10925 error: 
TpTrace Verbose: 0 : 2096, 1, 2024/02/12, 12:08:00.942, 28294036685130, vstest.console.dll, Executor.Execute: Exiting with exit code of 0
TpTrace Verbose: 0 : 2096, 13, 2024/02/12, 12:08:00.942, 28294036687343, vstest.console.dll, LengthPrefixCommunicationChannel.Dispose: Dispose reader and writer.
TpTrace Information: 0 : 2096, 13, 2024/02/12, 12:08:00.942, 28294036687796, vstest.console.dll, SocketServer.Stop: Raise disconnected event endPoint: 127.0.0.1:10925 error: 
TpTrace Verbose: 0 : 2096, 13, 2024/02/12, 12:08:00.942, 28294036688249, vstest.console.dll, TestRequestSender: OnTestRunAbort: Operation is already complete. Skip error message.
TpTrace Verbose: 0 : 2096, 13, 2024/02/12, 12:08:00.942, 28294036688429, vstest.console.dll, MulticastDelegateUtilities.SafeInvoke: SocketServer: ClientDisconnected: Invoking callback 1/1 for Microsoft.VisualStudio.TestPlatform.CommunicationUtilities.TestRequestSender., took 0 ms.
TpTrace Verbose: 0 : 2096, 13, 2024/02/12, 12:08:00.942, 28294036688542, vstest.console.dll, TcpClientExtensions.MessageLoopAsync: exiting MessageLoopAsync remoteEndPoint: 127.0.0.1:10929 localEndPoint: 127.0.0.1:10925
